[  0%] Built target visualization_msgs_generate_messages_py
[  0%] Built target rrtplanner_generate_messages_py
[  0%] Built target rrtplanner_generate_messages_nodejs
[  0%] Built target rrtplanner_generate_messages_eus
[  0%] Built target rrtplanner_generate_messages_cpp
[  0%] Built target roscpp_generate_messages_cpp
[  0%] Built target aeplanner_evaluation_generate_messages_nodejs
[  0%] Built target sensor_msgs_generate_messages_nodejs
[  0%] Built target actionlib_generate_messages_cpp
[  0%] Built target octomap_msgs_generate_messages_eus
[  0%] Built target sensor_msgs_generate_messages_lisp
[  0%] Built target geometry_msgs_generate_messages_py
[  0%] Built target geometry_msgs_generate_messages_lisp
[  0%] Built target std_msgs_generate_messages_nodejs
[  0%] Built target bond_generate_messages_lisp
[  0%] Built target sensor_msgs_generate_messages_eus
[  0%] Built target sensor_msgs_generate_messages_cpp
[  0%] Built target aeplanner_evaluation_generate_messages_lisp
[  0%] Built target tf_generate_messages_py
[  0%] Built target std_msgs_generate_messages_cpp
[  0%] Built target sensor_msgs_generate_messages_py
[  0%] Built target nodelet_generate_messages_py
[  0%] Built target visualization_msgs_generate_messages_nodejs
[  0%] Built target actionlib_msgs_generate_messages_nodejs
[  0%] Built target geometry_msgs_generate_messages_nodejs
[  0%] Built target tf_generate_messages_lisp
[  0%] Built target _rpl_exploration_generate_messages_check_deps_FlyToResult
[  0%] Built target _rpl_exploration_generate_messages_check_deps_FlyToActionFeedback
[  0%] Built target _rpl_exploration_generate_messages_check_deps_FlyToActionResult
[  0%] Built target _rpl_exploration_generate_messages_check_deps_FlyToActionGoal
[  0%] Built target geometry_msgs_generate_messages_cpp
[  0%] Built target _rpl_exploration_generate_messages_check_deps_FlyToAction
[  0%] Built target _rpl_exploration_generate_messages_check_deps_FlyToFeedback
[  0%] Built target _rpl_exploration_generate_messages_check_deps_FlyToGoal
[  0%] Built target actionlib_msgs_generate_messages_cpp
[  0%] Built target bond_generate_messages_eus
[  0%] Built target aeplanner_evaluation_generate_messages_py
[  0%] Built target roscpp_generate_messages_nodejs
[  0%] Built target std_msgs_generate_messages_lisp
[  0%] Built target geometry_msgs_generate_messages_eus
[  0%] Built target std_msgs_generate_messages_py
[  0%] Built target roscpp_generate_messages_py
[  0%] Built target rosgraph_msgs_generate_messages_cpp
[  0%] Built target rrtplanner_generate_messages_lisp
[  0%] Built target aeplanner_generate_messages_eus
[  0%] Built target tf_generate_messages_nodejs
[  0%] Built target octomap_msgs_generate_messages_py
[  0%] Built target bond_generate_messages_cpp
[  0%] Built target rosgraph_msgs_generate_messages_eus
[  0%] Built target rosgraph_msgs_generate_messages_lisp
[  0%] Built target aeplanner_generate_messages_lisp
[  0%] Built target visualization_msgs_generate_messages_lisp
[  0%] Built target std_msgs_generate_messages_eus
[  0%] Built target rosgraph_msgs_generate_messages_nodejs
[  0%] Built target actionlib_generate_messages_eus
[  0%] Built target actionlib_generate_messages_lisp
[  0%] Built target nodelet_generate_messages_cpp
[  0%] Built target bond_generate_messages_py
[  0%] Built target tf_generate_messages_cpp
[  0%] Built target actionlib_generate_messages_nodejs
[  0%] Built target tf_generate_messages_eus
[  0%] Built target roscpp_generate_messages_eus
[  0%] Built target rosgraph_msgs_generate_messages_py
[  0%] Built target actionlib_msgs_generate_messages_eus
[  0%] Built target octomap_msgs_generate_messages_cpp
[  0%] Built target aeplanner_evaluation_generate_messages_eus
[  0%] Built target nodelet_generate_messages_lisp
[  0%] Built target actionlib_msgs_generate_messages_lisp
[  0%] Built target aeplanner_evaluation_generate_messages_cpp
[  0%] Built target actionlib_msgs_generate_messages_py
[  0%] Built target tf2_msgs_generate_messages_cpp
[  0%] Built target tf2_msgs_generate_messages_lisp
[  0%] Built target actionlib_generate_messages_py
[  0%] Built target octomap_msgs_generate_messages_nodejs
[  0%] Built target tf2_msgs_generate_messages_py
[  0%] Built target tf2_msgs_generate_messages_nodejs
[  0%] Built target roscpp_generate_messages_lisp
[  0%] Built target aeplanner_generate_messages_nodejs
[  0%] Built target octomap_msgs_generate_messages_lisp
[  0%] Built target nodelet_generate_messages_eus
[  0%] Built target nodelet_generate_messages_nodejs
[  0%] Built target aeplanner_generate_messages_py
[  0%] Built target bond_generate_messages_nodejs
[  0%] Built target aeplanner_generate_messages_cpp
[  0%] Built target tf2_msgs_generate_messages_eus
[  0%] Built target visualization_msgs_generate_messages_eus
[  0%] Built target visualization_msgs_generate_messages_cpp
[ 18%] Built target rpl_exploration_generate_messages_eus
[ 34%] Built target rpl_exploration_generate_messages_nodejs
[ 51%] Built target rpl_exploration_generate_messages_lisp
[ 69%] Built target rpl_exploration_generate_messages_py
[ 86%] Built target rpl_exploration_generate_messages_cpp
[ 88%] [32m[1mLinking CXX shared library /home/idris/catkin_ws/devel/.private/rpl_exploration/lib/liblaserscan_to_pointcloud.so[0m
[35m[1mScanning dependencies of target rpl_exploration[0m
[ 88%] Built target rpl_exploration_generate_messages
[ 90%] [32m[1mLinking CXX executable /home/idris/catkin_ws/devel/.private/rpl_exploration/lib/rpl_exploration/fly_to[0m
[ 93%] [32mBuilding CXX object CMakeFiles/rpl_exploration.dir/src/rpl_exploration.cpp.o[0m
[ 95%] Built target laserscan_to_pointcloud
[ 97%] Built target fly_to
[100%] [32m[1mLinking CXX executable /home/idris/catkin_ws/devel/.private/rpl_exploration/lib/rpl_exploration/rpl_exploration[0m
[100%] Built target rpl_exploration
