[  0%] Built target rrtplanner_generate_messages_py
[  0%] Built target rrtplanner_generate_messages_nodejs
[  0%] Built target visualization_msgs_generate_messages_py
[  0%] Built target rrtplanner_generate_messages_eus
[  0%] Built target aeplanner_evaluation_generate_messages_nodejs
[  0%] Built target rrtplanner_generate_messages_cpp
[  0%] Built target sensor_msgs_generate_messages_nodejs
[  0%] Built target roscpp_generate_messages_cpp
[  0%] Built target actionlib_generate_messages_cpp
[  0%] Built target sensor_msgs_generate_messages_lisp
[  0%] Built target octomap_msgs_generate_messages_eus
[  0%] Built target geometry_msgs_generate_messages_py
[  0%] Built target geometry_msgs_generate_messages_lisp
[  0%] Built target bond_generate_messages_lisp
[  0%] Built target std_msgs_generate_messages_nodejs
[  0%] Built target sensor_msgs_generate_messages_eus
[  0%] Built target sensor_msgs_generate_messages_cpp
[  0%] Built target aeplanner_evaluation_generate_messages_lisp
[  0%] Built target tf_generate_messages_py
[  0%] Built target std_msgs_generate_messages_cpp
[  0%] Built target nodelet_generate_messages_py
[  0%] Built target sensor_msgs_generate_messages_py
[  0%] Built target visualization_msgs_generate_messages_nodejs
[  0%] Built target actionlib_msgs_generate_messages_nodejs
[  0%] Built target geometry_msgs_generate_messages_nodejs
[  0%] Built target tf_generate_messages_lisp
[  0%] Built target _rpl_exploration_generate_messages_check_deps_FlyToResult
[  0%] Built target _rpl_exploration_generate_messages_check_deps_FlyToActionFeedback
[  0%] Built target _rpl_exploration_generate_messages_check_deps_FlyToActionGoal
[  0%] Built target _rpl_exploration_generate_messages_check_deps_FlyToActionResult
[  0%] Built target geometry_msgs_generate_messages_cpp
[  0%] Built target _rpl_exploration_generate_messages_check_deps_FlyToAction
[  0%] Built target _rpl_exploration_generate_messages_check_deps_FlyToGoal
[  0%] Built target _rpl_exploration_generate_messages_check_deps_FlyToFeedback
[  0%] Built target actionlib_msgs_generate_messages_cpp
[  0%] Built target bond_generate_messages_eus
[  0%] Built target aeplanner_evaluation_generate_messages_py
[  0%] Built target roscpp_generate_messages_nodejs
[  0%] Built target std_msgs_generate_messages_lisp
[  0%] Built target geometry_msgs_generate_messages_eus
[  0%] Built target std_msgs_generate_messages_py
[  0%] Built target roscpp_generate_messages_py
[  0%] Built target rosgraph_msgs_generate_messages_cpp
[  0%] Built target rrtplanner_generate_messages_lisp
[  0%] Built target aeplanner_generate_messages_eus
[  0%] Built target octomap_msgs_generate_messages_py
[  0%] Built target bond_generate_messages_cpp
[  0%] Built target tf_generate_messages_nodejs
[  0%] Built target rosgraph_msgs_generate_messages_eus
[  0%] Built target aeplanner_generate_messages_lisp
[  0%] Built target rosgraph_msgs_generate_messages_lisp
[  0%] Built target visualization_msgs_generate_messages_lisp
[  0%] Built target actionlib_generate_messages_eus
[  0%] Built target std_msgs_generate_messages_eus
[  0%] Built target rosgraph_msgs_generate_messages_nodejs
[  0%] Built target actionlib_generate_messages_lisp
[  0%] Built target nodelet_generate_messages_cpp
[  0%] Built target bond_generate_messages_py
[  0%] Built target tf_generate_messages_cpp
[  0%] Built target actionlib_generate_messages_nodejs
[  0%] Built target tf_generate_messages_eus
[  0%] Built target roscpp_generate_messages_eus
[  0%] Built target rosgraph_msgs_generate_messages_py
[  0%] Built target actionlib_msgs_generate_messages_eus
[  0%] Built target octomap_msgs_generate_messages_cpp
[  0%] Built target aeplanner_evaluation_generate_messages_eus
[  0%] Built target nodelet_generate_messages_lisp
[  0%] Built target actionlib_msgs_generate_messages_lisp
[  0%] Built target aeplanner_evaluation_generate_messages_cpp
[  0%] Built target actionlib_msgs_generate_messages_py
[  0%] Built target tf2_msgs_generate_messages_cpp
[  0%] Built target tf2_msgs_generate_messages_lisp
[  0%] Built target tf2_msgs_generate_messages_py
[  0%] Built target octomap_msgs_generate_messages_nodejs
[  0%] Built target actionlib_generate_messages_py
[  0%] Built target tf2_msgs_generate_messages_nodejs
[  0%] Built target octomap_msgs_generate_messages_lisp
[  0%] Built target roscpp_generate_messages_lisp
[  0%] Built target nodelet_generate_messages_eus
[  0%] Built target aeplanner_generate_messages_nodejs
[  0%] Built target bond_generate_messages_nodejs
[  0%] Built target nodelet_generate_messages_nodejs
[  0%] Built target aeplanner_generate_messages_py
[  0%] Built target aeplanner_generate_messages_cpp
[  0%] Built target tf2_msgs_generate_messages_eus
[  0%] Built target visualization_msgs_generate_messages_eus
[  0%] Built target visualization_msgs_generate_messages_cpp
[ 18%] Built target rpl_exploration_generate_messages_eus
[ 37%] Built target rpl_exploration_generate_messages_py
[ 53%] Built target rpl_exploration_generate_messages_nodejs
[ 69%] Built target rpl_exploration_generate_messages_lisp
[ 86%] Built target rpl_exploration_generate_messages_cpp
[ 90%] Built target laserscan_to_pointcloud
[ 90%] Built target rpl_exploration_generate_messages
[ 95%] Built target fly_to
[100%] Built target rpl_exploration
