Linked: (/home/idris/catkin_ws/devel/.private/rpl_exploration/lib/liblaserscan_to_pointcloud.so, /home/idris/catkin_ws/devel/lib/liblaserscan_to_pointcloud.so)
Linked: (/home/idris/catkin_ws/devel/.private/rpl_exploration/lib/pkgconfig/rpl_exploration.pc, /home/idris/catkin_ws/devel/lib/pkgconfig/rpl_exploration.pc)
Linked: (/home/idris/catkin_ws/devel/.private/rpl_exploration/lib/python2.7/dist-packages/rpl_exploration/__init__.py, /home/idris/catkin_ws/devel/lib/python2.7/dist-packages/rpl_exploration/__init__.py)
Linked: (/home/idris/catkin_ws/devel/.private/rpl_exploration/lib/python2.7/dist-packages/rpl_exploration/msg/_FlyToGoal.py, /home/idris/catkin_ws/devel/lib/python2.7/dist-packages/rpl_exploration/msg/_FlyToGoal.py)
Linked: (/home/idris/catkin_ws/devel/.private/rpl_exploration/lib/python2.7/dist-packages/rpl_exploration/msg/_FlyToActionFeedback.py, /home/idris/catkin_ws/devel/lib/python2.7/dist-packages/rpl_exploration/msg/_FlyToActionFeedback.py)
Linked: (/home/idris/catkin_ws/devel/.private/rpl_exploration/lib/python2.7/dist-packages/rpl_exploration/msg/_FlyToAction.py, /home/idris/catkin_ws/devel/lib/python2.7/dist-packages/rpl_exploration/msg/_FlyToAction.py)
Linked: (/home/idris/catkin_ws/devel/.private/rpl_exploration/lib/python2.7/dist-packages/rpl_exploration/msg/__init__.py, /home/idris/catkin_ws/devel/lib/python2.7/dist-packages/rpl_exploration/msg/__init__.py)
Linked: (/home/idris/catkin_ws/devel/.private/rpl_exploration/lib/python2.7/dist-packages/rpl_exploration/msg/_FlyToActionGoal.py, /home/idris/catkin_ws/devel/lib/python2.7/dist-packages/rpl_exploration/msg/_FlyToActionGoal.py)
Linked: (/home/idris/catkin_ws/devel/.private/rpl_exploration/lib/python2.7/dist-packages/rpl_exploration/msg/_FlyToActionResult.py, /home/idris/catkin_ws/devel/lib/python2.7/dist-packages/rpl_exploration/msg/_FlyToActionResult.py)
Linked: (/home/idris/catkin_ws/devel/.private/rpl_exploration/lib/python2.7/dist-packages/rpl_exploration/msg/_FlyToFeedback.py, /home/idris/catkin_ws/devel/lib/python2.7/dist-packages/rpl_exploration/msg/_FlyToFeedback.py)
Linked: (/home/idris/catkin_ws/devel/.private/rpl_exploration/lib/python2.7/dist-packages/rpl_exploration/msg/_FlyToResult.py, /home/idris/catkin_ws/devel/lib/python2.7/dist-packages/rpl_exploration/msg/_FlyToResult.py)
Linked: (/home/idris/catkin_ws/devel/.private/rpl_exploration/lib/rpl_exploration/fly_to, /home/idris/catkin_ws/devel/lib/rpl_exploration/fly_to)
Linked: (/home/idris/catkin_ws/devel/.private/rpl_exploration/lib/rpl_exploration/rpl_exploration, /home/idris/catkin_ws/devel/lib/rpl_exploration/rpl_exploration)
Linked: (/home/idris/catkin_ws/devel/.private/rpl_exploration/share/common-lisp/ros/rpl_exploration/msg/_package_FlyToActionFeedback.lisp, /home/idris/catkin_ws/devel/share/common-lisp/ros/rpl_exploration/msg/_package_FlyToActionFeedback.lisp)
Linked: (/home/idris/catkin_ws/devel/.private/rpl_exploration/share/common-lisp/ros/rpl_exploration/msg/FlyToFeedback.lisp, /home/idris/catkin_ws/devel/share/common-lisp/ros/rpl_exploration/msg/FlyToFeedback.lisp)
Linked: (/home/idris/catkin_ws/devel/.private/rpl_exploration/share/common-lisp/ros/rpl_exploration/msg/FlyToResult.lisp, /home/idris/catkin_ws/devel/share/common-lisp/ros/rpl_exploration/msg/FlyToResult.lisp)
Linked: (/home/idris/catkin_ws/devel/.private/rpl_exploration/share/common-lisp/ros/rpl_exploration/msg/_package.lisp, /home/idris/catkin_ws/devel/share/common-lisp/ros/rpl_exploration/msg/_package.lisp)
Linked: (/home/idris/catkin_ws/devel/.private/rpl_exploration/share/common-lisp/ros/rpl_exploration/msg/_package_FlyToResult.lisp, /home/idris/catkin_ws/devel/share/common-lisp/ros/rpl_exploration/msg/_package_FlyToResult.lisp)
Linked: (/home/idris/catkin_ws/devel/.private/rpl_exploration/share/common-lisp/ros/rpl_exploration/msg/FlyToAction.lisp, /home/idris/catkin_ws/devel/share/common-lisp/ros/rpl_exploration/msg/FlyToAction.lisp)
Linked: (/home/idris/catkin_ws/devel/.private/rpl_exploration/share/common-lisp/ros/rpl_exploration/msg/FlyToGoal.lisp, /home/idris/catkin_ws/devel/share/common-lisp/ros/rpl_exploration/msg/FlyToGoal.lisp)
Linked: (/home/idris/catkin_ws/devel/.private/rpl_exploration/share/common-lisp/ros/rpl_exploration/msg/_package_FlyToFeedback.lisp, /home/idris/catkin_ws/devel/share/common-lisp/ros/rpl_exploration/msg/_package_FlyToFeedback.lisp)
Linked: (/home/idris/catkin_ws/devel/.private/rpl_exploration/share/common-lisp/ros/rpl_exploration/msg/_package_FlyToActionGoal.lisp, /home/idris/catkin_ws/devel/share/common-lisp/ros/rpl_exploration/msg/_package_FlyToActionGoal.lisp)
Linked: (/home/idris/catkin_ws/devel/.private/rpl_exploration/share/common-lisp/ros/rpl_exploration/msg/FlyToActionResult.lisp, /home/idris/catkin_ws/devel/share/common-lisp/ros/rpl_exploration/msg/FlyToActionResult.lisp)
Linked: (/home/idris/catkin_ws/devel/.private/rpl_exploration/share/common-lisp/ros/rpl_exploration/msg/_package_FlyToActionResult.lisp, /home/idris/catkin_ws/devel/share/common-lisp/ros/rpl_exploration/msg/_package_FlyToActionResult.lisp)
Linked: (/home/idris/catkin_ws/devel/.private/rpl_exploration/share/common-lisp/ros/rpl_exploration/msg/FlyToActionFeedback.lisp, /home/idris/catkin_ws/devel/share/common-lisp/ros/rpl_exploration/msg/FlyToActionFeedback.lisp)
Linked: (/home/idris/catkin_ws/devel/.private/rpl_exploration/share/common-lisp/ros/rpl_exploration/msg/rpl_exploration-msg.asd, /home/idris/catkin_ws/devel/share/common-lisp/ros/rpl_exploration/msg/rpl_exploration-msg.asd)
Linked: (/home/idris/catkin_ws/devel/.private/rpl_exploration/share/common-lisp/ros/rpl_exploration/msg/_package_FlyToAction.lisp, /home/idris/catkin_ws/devel/share/common-lisp/ros/rpl_exploration/msg/_package_FlyToAction.lisp)
Linked: (/home/idris/catkin_ws/devel/.private/rpl_exploration/share/common-lisp/ros/rpl_exploration/msg/FlyToActionGoal.lisp, /home/idris/catkin_ws/devel/share/common-lisp/ros/rpl_exploration/msg/FlyToActionGoal.lisp)
Linked: (/home/idris/catkin_ws/devel/.private/rpl_exploration/share/common-lisp/ros/rpl_exploration/msg/_package_FlyToGoal.lisp, /home/idris/catkin_ws/devel/share/common-lisp/ros/rpl_exploration/msg/_package_FlyToGoal.lisp)
Linked: (/home/idris/catkin_ws/devel/.private/rpl_exploration/share/roseus/ros/rpl_exploration/manifest.l, /home/idris/catkin_ws/devel/share/roseus/ros/rpl_exploration/manifest.l)
Linked: (/home/idris/catkin_ws/devel/.private/rpl_exploration/share/roseus/ros/rpl_exploration/msg/FlyToActionResult.l, /home/idris/catkin_ws/devel/share/roseus/ros/rpl_exploration/msg/FlyToActionResult.l)
Linked: (/home/idris/catkin_ws/devel/.private/rpl_exploration/share/roseus/ros/rpl_exploration/msg/FlyToResult.l, /home/idris/catkin_ws/devel/share/roseus/ros/rpl_exploration/msg/FlyToResult.l)
Linked: (/home/idris/catkin_ws/devel/.private/rpl_exploration/share/roseus/ros/rpl_exploration/msg/FlyToFeedback.l, /home/idris/catkin_ws/devel/share/roseus/ros/rpl_exploration/msg/FlyToFeedback.l)
Linked: (/home/idris/catkin_ws/devel/.private/rpl_exploration/share/roseus/ros/rpl_exploration/msg/FlyToGoal.l, /home/idris/catkin_ws/devel/share/roseus/ros/rpl_exploration/msg/FlyToGoal.l)
Linked: (/home/idris/catkin_ws/devel/.private/rpl_exploration/share/roseus/ros/rpl_exploration/msg/FlyToAction.l, /home/idris/catkin_ws/devel/share/roseus/ros/rpl_exploration/msg/FlyToAction.l)
Linked: (/home/idris/catkin_ws/devel/.private/rpl_exploration/share/roseus/ros/rpl_exploration/msg/FlyToActionGoal.l, /home/idris/catkin_ws/devel/share/roseus/ros/rpl_exploration/msg/FlyToActionGoal.l)
Linked: (/home/idris/catkin_ws/devel/.private/rpl_exploration/share/roseus/ros/rpl_exploration/msg/FlyToActionFeedback.l, /home/idris/catkin_ws/devel/share/roseus/ros/rpl_exploration/msg/FlyToActionFeedback.l)
Linked: (/home/idris/catkin_ws/devel/.private/rpl_exploration/share/gennodejs/ros/rpl_exploration/_index.js, /home/idris/catkin_ws/devel/share/gennodejs/ros/rpl_exploration/_index.js)
Linked: (/home/idris/catkin_ws/devel/.private/rpl_exploration/share/gennodejs/ros/rpl_exploration/msg/FlyToActionGoal.js, /home/idris/catkin_ws/devel/share/gennodejs/ros/rpl_exploration/msg/FlyToActionGoal.js)
Linked: (/home/idris/catkin_ws/devel/.private/rpl_exploration/share/gennodejs/ros/rpl_exploration/msg/FlyToFeedback.js, /home/idris/catkin_ws/devel/share/gennodejs/ros/rpl_exploration/msg/FlyToFeedback.js)
Linked: (/home/idris/catkin_ws/devel/.private/rpl_exploration/share/gennodejs/ros/rpl_exploration/msg/FlyToGoal.js, /home/idris/catkin_ws/devel/share/gennodejs/ros/rpl_exploration/msg/FlyToGoal.js)
Linked: (/home/idris/catkin_ws/devel/.private/rpl_exploration/share/gennodejs/ros/rpl_exploration/msg/_index.js, /home/idris/catkin_ws/devel/share/gennodejs/ros/rpl_exploration/msg/_index.js)
Linked: (/home/idris/catkin_ws/devel/.private/rpl_exploration/share/gennodejs/ros/rpl_exploration/msg/FlyToActionFeedback.js, /home/idris/catkin_ws/devel/share/gennodejs/ros/rpl_exploration/msg/FlyToActionFeedback.js)
Linked: (/home/idris/catkin_ws/devel/.private/rpl_exploration/share/gennodejs/ros/rpl_exploration/msg/FlyToAction.js, /home/idris/catkin_ws/devel/share/gennodejs/ros/rpl_exploration/msg/FlyToAction.js)
Linked: (/home/idris/catkin_ws/devel/.private/rpl_exploration/share/gennodejs/ros/rpl_exploration/msg/FlyToActionResult.js, /home/idris/catkin_ws/devel/share/gennodejs/ros/rpl_exploration/msg/FlyToActionResult.js)
Linked: (/home/idris/catkin_ws/devel/.private/rpl_exploration/share/gennodejs/ros/rpl_exploration/msg/FlyToResult.js, /home/idris/catkin_ws/devel/share/gennodejs/ros/rpl_exploration/msg/FlyToResult.js)
Linked: (/home/idris/catkin_ws/devel/.private/rpl_exploration/share/rpl_exploration/msg/FlyToActionResult.msg, /home/idris/catkin_ws/devel/share/rpl_exploration/msg/FlyToActionResult.msg)
Linked: (/home/idris/catkin_ws/devel/.private/rpl_exploration/share/rpl_exploration/msg/FlyToActionFeedback.msg, /home/idris/catkin_ws/devel/share/rpl_exploration/msg/FlyToActionFeedback.msg)
Linked: (/home/idris/catkin_ws/devel/.private/rpl_exploration/share/rpl_exploration/msg/FlyToResult.msg, /home/idris/catkin_ws/devel/share/rpl_exploration/msg/FlyToResult.msg)
Linked: (/home/idris/catkin_ws/devel/.private/rpl_exploration/share/rpl_exploration/msg/FlyToActionGoal.msg, /home/idris/catkin_ws/devel/share/rpl_exploration/msg/FlyToActionGoal.msg)
Linked: (/home/idris/catkin_ws/devel/.private/rpl_exploration/share/rpl_exploration/msg/FlyToFeedback.msg, /home/idris/catkin_ws/devel/share/rpl_exploration/msg/FlyToFeedback.msg)
Linked: (/home/idris/catkin_ws/devel/.private/rpl_exploration/share/rpl_exploration/msg/FlyToGoal.msg, /home/idris/catkin_ws/devel/share/rpl_exploration/msg/FlyToGoal.msg)
Linked: (/home/idris/catkin_ws/devel/.private/rpl_exploration/share/rpl_exploration/msg/FlyToAction.msg, /home/idris/catkin_ws/devel/share/rpl_exploration/msg/FlyToAction.msg)
Linked: (/home/idris/catkin_ws/devel/.private/rpl_exploration/share/rpl_exploration/cmake/rpl_exploration-msg-extras.cmake, /home/idris/catkin_ws/devel/share/rpl_exploration/cmake/rpl_exploration-msg-extras.cmake)
Linked: (/home/idris/catkin_ws/devel/.private/rpl_exploration/share/rpl_exploration/cmake/rpl_explorationConfig.cmake, /home/idris/catkin_ws/devel/share/rpl_exploration/cmake/rpl_explorationConfig.cmake)
Linked: (/home/idris/catkin_ws/devel/.private/rpl_exploration/share/rpl_exploration/cmake/rpl_explorationConfig-version.cmake, /home/idris/catkin_ws/devel/share/rpl_exploration/cmake/rpl_explorationConfig-version.cmake)
Linked: (/home/idris/catkin_ws/devel/.private/rpl_exploration/share/rpl_exploration/cmake/rpl_exploration-msg-paths.cmake, /home/idris/catkin_ws/devel/share/rpl_exploration/cmake/rpl_exploration-msg-paths.cmake)
Linked: (/home/idris/catkin_ws/devel/.private/rpl_exploration/include/rpl_exploration/FlyToActionGoal.h, /home/idris/catkin_ws/devel/include/rpl_exploration/FlyToActionGoal.h)
Linked: (/home/idris/catkin_ws/devel/.private/rpl_exploration/include/rpl_exploration/FlyToActionFeedback.h, /home/idris/catkin_ws/devel/include/rpl_exploration/FlyToActionFeedback.h)
Linked: (/home/idris/catkin_ws/devel/.private/rpl_exploration/include/rpl_exploration/FlyToResult.h, /home/idris/catkin_ws/devel/include/rpl_exploration/FlyToResult.h)
Linked: (/home/idris/catkin_ws/devel/.private/rpl_exploration/include/rpl_exploration/FlyToGoal.h, /home/idris/catkin_ws/devel/include/rpl_exploration/FlyToGoal.h)
Linked: (/home/idris/catkin_ws/devel/.private/rpl_exploration/include/rpl_exploration/FlyToAction.h, /home/idris/catkin_ws/devel/include/rpl_exploration/FlyToAction.h)
Linked: (/home/idris/catkin_ws/devel/.private/rpl_exploration/include/rpl_exploration/FlyToFeedback.h, /home/idris/catkin_ws/devel/include/rpl_exploration/FlyToFeedback.h)
Linked: (/home/idris/catkin_ws/devel/.private/rpl_exploration/include/rpl_exploration/FlyToActionResult.h, /home/idris/catkin_ws/devel/include/rpl_exploration/FlyToActionResult.h)
