Determining if the pthread_create exist failed with the following output:
Change Dir: /home/idris/catkin_ws/build/pigain/CMakeFiles/CMakeTmp

Run Build Command:"/usr/bin/make" "cmTC_dbba1/fast"
/usr/bin/make -f CMakeFiles/cmTC_dbba1.dir/build.make CMakeFiles/cmTC_dbba1.dir/build
make[1]: Entering directory '/home/idris/catkin_ws/build/pigain/CMakeFiles/CMakeTmp'
Building C object CMakeFiles/cmTC_dbba1.dir/CheckSymbolExists.c.o
/usr/bin/cc    -o CMakeFiles/cmTC_dbba1.dir/CheckSymbolExists.c.o   -c /home/idris/catkin_ws/build/pigain/CMakeFiles/CMakeTmp/CheckSymbolExists.c
Linking C executable cmTC_dbba1
/usr/bin/cmake -E cmake_link_script CMakeFiles/cmTC_dbba1.dir/link.txt --verbose=1
/usr/bin/cc      -rdynamic CMakeFiles/cmTC_dbba1.dir/CheckSymbolExists.c.o  -o cmTC_dbba1 
CMakeFiles/cmTC_dbba1.dir/CheckSymbolExists.c.o: In function `main':
CheckSymbolExists.c:(.text+0x1b): undefined reference to `pthread_create'
collect2: error: ld returned 1 exit status
CMakeFiles/cmTC_dbba1.dir/build.make:97: recipe for target 'cmTC_dbba1' failed
make[1]: *** [cmTC_dbba1] Error 1
make[1]: Leaving directory '/home/idris/catkin_ws/build/pigain/CMakeFiles/CMakeTmp'
Makefile:126: recipe for target 'cmTC_dbba1/fast' failed
make: *** [cmTC_dbba1/fast] Error 2

File /home/idris/catkin_ws/build/pigain/CMakeFiles/CMakeTmp/CheckSymbolExists.c:
/* */
#include <pthread.h>

int main(int argc, char** argv)
{
  (void)argv;
#ifndef pthread_create
  return ((int*)(&pthread_create))[argc];
#else
  (void)argc;
  return 0;
#endif
}

Determining if the function pthread_create exists in the pthreads failed with the following output:
Change Dir: /home/idris/catkin_ws/build/pigain/CMakeFiles/CMakeTmp

Run Build Command:"/usr/bin/make" "cmTC_e8325/fast"
/usr/bin/make -f CMakeFiles/cmTC_e8325.dir/build.make CMakeFiles/cmTC_e8325.dir/build
make[1]: Entering directory '/home/idris/catkin_ws/build/pigain/CMakeFiles/CMakeTmp'
Building C object CMakeFiles/cmTC_e8325.dir/CheckFunctionExists.c.o
/usr/bin/cc   -DCHECK_FUNCTION_EXISTS=pthread_create   -o CMakeFiles/cmTC_e8325.dir/CheckFunctionExists.c.o   -c /usr/share/cmake-3.10/Modules/CheckFunctionExists.c
Linking C executable cmTC_e8325
/usr/bin/cmake -E cmake_link_script CMakeFiles/cmTC_e8325.dir/link.txt --verbose=1
/usr/bin/cc  -DCHECK_FUNCTION_EXISTS=pthread_create    -rdynamic CMakeFiles/cmTC_e8325.dir/CheckFunctionExists.c.o  -o cmTC_e8325 -lpthreads 
/usr/bin/ld: cannot find -lpthreads
collect2: error: ld returned 1 exit status
CMakeFiles/cmTC_e8325.dir/build.make:97: recipe for target 'cmTC_e8325' failed
make[1]: *** [cmTC_e8325] Error 1
make[1]: Leaving directory '/home/idris/catkin_ws/build/pigain/CMakeFiles/CMakeTmp'
Makefile:126: recipe for target 'cmTC_e8325/fast' failed
make: *** [cmTC_e8325/fast] Error 2


