Linked: (/home/idris/catkin_ws/devel/.private/rrtplanner/lib/librrtplanner.so, /home/idris/catkin_ws/devel/lib/librrtplanner.so)
Linked: (/home/idris/catkin_ws/devel/.private/rrtplanner/lib/rrtplanner/rrtplanner_node, /home/idris/catkin_ws/devel/lib/rrtplanner/rrtplanner_node)
Linked: (/home/idris/catkin_ws/devel/.private/rrtplanner/lib/pkgconfig/rrtplanner.pc, /home/idris/catkin_ws/devel/lib/pkgconfig/rrtplanner.pc)
Linked: (/home/idris/catkin_ws/devel/.private/rrtplanner/lib/python2.7/dist-packages/rrtplanner/__init__.py, /home/idris/catkin_ws/devel/lib/python2.7/dist-packages/rrtplanner/__init__.py)
Linked: (/home/idris/catkin_ws/devel/.private/rrtplanner/lib/python2.7/dist-packages/rrtplanner/msg/_rrtGoal.py, /home/idris/catkin_ws/devel/lib/python2.7/dist-packages/rrtplanner/msg/_rrtGoal.py)
Linked: (/home/idris/catkin_ws/devel/.private/rrtplanner/lib/python2.7/dist-packages/rrtplanner/msg/_rrtAction.py, /home/idris/catkin_ws/devel/lib/python2.7/dist-packages/rrtplanner/msg/_rrtAction.py)
Linked: (/home/idris/catkin_ws/devel/.private/rrtplanner/lib/python2.7/dist-packages/rrtplanner/msg/_rrtActionFeedback.py, /home/idris/catkin_ws/devel/lib/python2.7/dist-packages/rrtplanner/msg/_rrtActionFeedback.py)
Linked: (/home/idris/catkin_ws/devel/.private/rrtplanner/lib/python2.7/dist-packages/rrtplanner/msg/_rrtActionGoal.py, /home/idris/catkin_ws/devel/lib/python2.7/dist-packages/rrtplanner/msg/_rrtActionGoal.py)
Linked: (/home/idris/catkin_ws/devel/.private/rrtplanner/lib/python2.7/dist-packages/rrtplanner/msg/_rrtFeedback.py, /home/idris/catkin_ws/devel/lib/python2.7/dist-packages/rrtplanner/msg/_rrtFeedback.py)
Linked: (/home/idris/catkin_ws/devel/.private/rrtplanner/lib/python2.7/dist-packages/rrtplanner/msg/__init__.py, /home/idris/catkin_ws/devel/lib/python2.7/dist-packages/rrtplanner/msg/__init__.py)
Linked: (/home/idris/catkin_ws/devel/.private/rrtplanner/lib/python2.7/dist-packages/rrtplanner/msg/_rrtResult.py, /home/idris/catkin_ws/devel/lib/python2.7/dist-packages/rrtplanner/msg/_rrtResult.py)
Linked: (/home/idris/catkin_ws/devel/.private/rrtplanner/lib/python2.7/dist-packages/rrtplanner/msg/_rrtActionResult.py, /home/idris/catkin_ws/devel/lib/python2.7/dist-packages/rrtplanner/msg/_rrtActionResult.py)
Linked: (/home/idris/catkin_ws/devel/.private/rrtplanner/share/common-lisp/ros/rrtplanner/msg/rrtAction.lisp, /home/idris/catkin_ws/devel/share/common-lisp/ros/rrtplanner/msg/rrtAction.lisp)
Linked: (/home/idris/catkin_ws/devel/.private/rrtplanner/share/common-lisp/ros/rrtplanner/msg/_package_rrtActionGoal.lisp, /home/idris/catkin_ws/devel/share/common-lisp/ros/rrtplanner/msg/_package_rrtActionGoal.lisp)
Linked: (/home/idris/catkin_ws/devel/.private/rrtplanner/share/common-lisp/ros/rrtplanner/msg/rrtActionFeedback.lisp, /home/idris/catkin_ws/devel/share/common-lisp/ros/rrtplanner/msg/rrtActionFeedback.lisp)
Linked: (/home/idris/catkin_ws/devel/.private/rrtplanner/share/common-lisp/ros/rrtplanner/msg/_package.lisp, /home/idris/catkin_ws/devel/share/common-lisp/ros/rrtplanner/msg/_package.lisp)
Linked: (/home/idris/catkin_ws/devel/.private/rrtplanner/share/common-lisp/ros/rrtplanner/msg/_package_rrtFeedback.lisp, /home/idris/catkin_ws/devel/share/common-lisp/ros/rrtplanner/msg/_package_rrtFeedback.lisp)
Linked: (/home/idris/catkin_ws/devel/.private/rrtplanner/share/common-lisp/ros/rrtplanner/msg/_package_rrtGoal.lisp, /home/idris/catkin_ws/devel/share/common-lisp/ros/rrtplanner/msg/_package_rrtGoal.lisp)
Linked: (/home/idris/catkin_ws/devel/.private/rrtplanner/share/common-lisp/ros/rrtplanner/msg/rrtActionResult.lisp, /home/idris/catkin_ws/devel/share/common-lisp/ros/rrtplanner/msg/rrtActionResult.lisp)
Linked: (/home/idris/catkin_ws/devel/.private/rrtplanner/share/common-lisp/ros/rrtplanner/msg/_package_rrtActionResult.lisp, /home/idris/catkin_ws/devel/share/common-lisp/ros/rrtplanner/msg/_package_rrtActionResult.lisp)
Linked: (/home/idris/catkin_ws/devel/.private/rrtplanner/share/common-lisp/ros/rrtplanner/msg/rrtFeedback.lisp, /home/idris/catkin_ws/devel/share/common-lisp/ros/rrtplanner/msg/rrtFeedback.lisp)
Linked: (/home/idris/catkin_ws/devel/.private/rrtplanner/share/common-lisp/ros/rrtplanner/msg/rrtGoal.lisp, /home/idris/catkin_ws/devel/share/common-lisp/ros/rrtplanner/msg/rrtGoal.lisp)
Linked: (/home/idris/catkin_ws/devel/.private/rrtplanner/share/common-lisp/ros/rrtplanner/msg/_package_rrtAction.lisp, /home/idris/catkin_ws/devel/share/common-lisp/ros/rrtplanner/msg/_package_rrtAction.lisp)
Linked: (/home/idris/catkin_ws/devel/.private/rrtplanner/share/common-lisp/ros/rrtplanner/msg/rrtResult.lisp, /home/idris/catkin_ws/devel/share/common-lisp/ros/rrtplanner/msg/rrtResult.lisp)
Linked: (/home/idris/catkin_ws/devel/.private/rrtplanner/share/common-lisp/ros/rrtplanner/msg/rrtplanner-msg.asd, /home/idris/catkin_ws/devel/share/common-lisp/ros/rrtplanner/msg/rrtplanner-msg.asd)
Linked: (/home/idris/catkin_ws/devel/.private/rrtplanner/share/common-lisp/ros/rrtplanner/msg/_package_rrtActionFeedback.lisp, /home/idris/catkin_ws/devel/share/common-lisp/ros/rrtplanner/msg/_package_rrtActionFeedback.lisp)
Linked: (/home/idris/catkin_ws/devel/.private/rrtplanner/share/common-lisp/ros/rrtplanner/msg/_package_rrtResult.lisp, /home/idris/catkin_ws/devel/share/common-lisp/ros/rrtplanner/msg/_package_rrtResult.lisp)
Linked: (/home/idris/catkin_ws/devel/.private/rrtplanner/share/common-lisp/ros/rrtplanner/msg/rrtActionGoal.lisp, /home/idris/catkin_ws/devel/share/common-lisp/ros/rrtplanner/msg/rrtActionGoal.lisp)
Linked: (/home/idris/catkin_ws/devel/.private/rrtplanner/share/rrtplanner/msg/rrtFeedback.msg, /home/idris/catkin_ws/devel/share/rrtplanner/msg/rrtFeedback.msg)
Linked: (/home/idris/catkin_ws/devel/.private/rrtplanner/share/rrtplanner/msg/rrtGoal.msg, /home/idris/catkin_ws/devel/share/rrtplanner/msg/rrtGoal.msg)
Linked: (/home/idris/catkin_ws/devel/.private/rrtplanner/share/rrtplanner/msg/rrtAction.msg, /home/idris/catkin_ws/devel/share/rrtplanner/msg/rrtAction.msg)
Linked: (/home/idris/catkin_ws/devel/.private/rrtplanner/share/rrtplanner/msg/rrtActionResult.msg, /home/idris/catkin_ws/devel/share/rrtplanner/msg/rrtActionResult.msg)
Linked: (/home/idris/catkin_ws/devel/.private/rrtplanner/share/rrtplanner/msg/rrtResult.msg, /home/idris/catkin_ws/devel/share/rrtplanner/msg/rrtResult.msg)
Linked: (/home/idris/catkin_ws/devel/.private/rrtplanner/share/rrtplanner/msg/rrtActionFeedback.msg, /home/idris/catkin_ws/devel/share/rrtplanner/msg/rrtActionFeedback.msg)
Linked: (/home/idris/catkin_ws/devel/.private/rrtplanner/share/rrtplanner/msg/rrtActionGoal.msg, /home/idris/catkin_ws/devel/share/rrtplanner/msg/rrtActionGoal.msg)
Linked: (/home/idris/catkin_ws/devel/.private/rrtplanner/share/rrtplanner/cmake/rrtplannerConfig-version.cmake, /home/idris/catkin_ws/devel/share/rrtplanner/cmake/rrtplannerConfig-version.cmake)
Linked: (/home/idris/catkin_ws/devel/.private/rrtplanner/share/rrtplanner/cmake/rrtplanner-msg-paths.cmake, /home/idris/catkin_ws/devel/share/rrtplanner/cmake/rrtplanner-msg-paths.cmake)
Linked: (/home/idris/catkin_ws/devel/.private/rrtplanner/share/rrtplanner/cmake/rrtplanner-msg-extras.cmake, /home/idris/catkin_ws/devel/share/rrtplanner/cmake/rrtplanner-msg-extras.cmake)
Linked: (/home/idris/catkin_ws/devel/.private/rrtplanner/share/rrtplanner/cmake/rrtplannerConfig.cmake, /home/idris/catkin_ws/devel/share/rrtplanner/cmake/rrtplannerConfig.cmake)
Linked: (/home/idris/catkin_ws/devel/.private/rrtplanner/share/roseus/ros/rrtplanner/manifest.l, /home/idris/catkin_ws/devel/share/roseus/ros/rrtplanner/manifest.l)
Linked: (/home/idris/catkin_ws/devel/.private/rrtplanner/share/roseus/ros/rrtplanner/msg/rrtFeedback.l, /home/idris/catkin_ws/devel/share/roseus/ros/rrtplanner/msg/rrtFeedback.l)
Linked: (/home/idris/catkin_ws/devel/.private/rrtplanner/share/roseus/ros/rrtplanner/msg/rrtResult.l, /home/idris/catkin_ws/devel/share/roseus/ros/rrtplanner/msg/rrtResult.l)
Linked: (/home/idris/catkin_ws/devel/.private/rrtplanner/share/roseus/ros/rrtplanner/msg/rrtGoal.l, /home/idris/catkin_ws/devel/share/roseus/ros/rrtplanner/msg/rrtGoal.l)
Linked: (/home/idris/catkin_ws/devel/.private/rrtplanner/share/roseus/ros/rrtplanner/msg/rrtActionResult.l, /home/idris/catkin_ws/devel/share/roseus/ros/rrtplanner/msg/rrtActionResult.l)
Linked: (/home/idris/catkin_ws/devel/.private/rrtplanner/share/roseus/ros/rrtplanner/msg/rrtActionGoal.l, /home/idris/catkin_ws/devel/share/roseus/ros/rrtplanner/msg/rrtActionGoal.l)
Linked: (/home/idris/catkin_ws/devel/.private/rrtplanner/share/roseus/ros/rrtplanner/msg/rrtAction.l, /home/idris/catkin_ws/devel/share/roseus/ros/rrtplanner/msg/rrtAction.l)
Linked: (/home/idris/catkin_ws/devel/.private/rrtplanner/share/roseus/ros/rrtplanner/msg/rrtActionFeedback.l, /home/idris/catkin_ws/devel/share/roseus/ros/rrtplanner/msg/rrtActionFeedback.l)
Linked: (/home/idris/catkin_ws/devel/.private/rrtplanner/share/gennodejs/ros/rrtplanner/_index.js, /home/idris/catkin_ws/devel/share/gennodejs/ros/rrtplanner/_index.js)
Linked: (/home/idris/catkin_ws/devel/.private/rrtplanner/share/gennodejs/ros/rrtplanner/msg/rrtFeedback.js, /home/idris/catkin_ws/devel/share/gennodejs/ros/rrtplanner/msg/rrtFeedback.js)
Linked: (/home/idris/catkin_ws/devel/.private/rrtplanner/share/gennodejs/ros/rrtplanner/msg/rrtResult.js, /home/idris/catkin_ws/devel/share/gennodejs/ros/rrtplanner/msg/rrtResult.js)
Linked: (/home/idris/catkin_ws/devel/.private/rrtplanner/share/gennodejs/ros/rrtplanner/msg/rrtActionGoal.js, /home/idris/catkin_ws/devel/share/gennodejs/ros/rrtplanner/msg/rrtActionGoal.js)
Linked: (/home/idris/catkin_ws/devel/.private/rrtplanner/share/gennodejs/ros/rrtplanner/msg/rrtActionFeedback.js, /home/idris/catkin_ws/devel/share/gennodejs/ros/rrtplanner/msg/rrtActionFeedback.js)
Linked: (/home/idris/catkin_ws/devel/.private/rrtplanner/share/gennodejs/ros/rrtplanner/msg/rrtActionResult.js, /home/idris/catkin_ws/devel/share/gennodejs/ros/rrtplanner/msg/rrtActionResult.js)
Linked: (/home/idris/catkin_ws/devel/.private/rrtplanner/share/gennodejs/ros/rrtplanner/msg/_index.js, /home/idris/catkin_ws/devel/share/gennodejs/ros/rrtplanner/msg/_index.js)
Linked: (/home/idris/catkin_ws/devel/.private/rrtplanner/share/gennodejs/ros/rrtplanner/msg/rrtGoal.js, /home/idris/catkin_ws/devel/share/gennodejs/ros/rrtplanner/msg/rrtGoal.js)
Linked: (/home/idris/catkin_ws/devel/.private/rrtplanner/share/gennodejs/ros/rrtplanner/msg/rrtAction.js, /home/idris/catkin_ws/devel/share/gennodejs/ros/rrtplanner/msg/rrtAction.js)
Linked: (/home/idris/catkin_ws/devel/.private/rrtplanner/include/rrtplanner/rrtActionResult.h, /home/idris/catkin_ws/devel/include/rrtplanner/rrtActionResult.h)
Linked: (/home/idris/catkin_ws/devel/.private/rrtplanner/include/rrtplanner/rrtGoal.h, /home/idris/catkin_ws/devel/include/rrtplanner/rrtGoal.h)
Linked: (/home/idris/catkin_ws/devel/.private/rrtplanner/include/rrtplanner/rrtFeedback.h, /home/idris/catkin_ws/devel/include/rrtplanner/rrtFeedback.h)
Linked: (/home/idris/catkin_ws/devel/.private/rrtplanner/include/rrtplanner/rrtActionGoal.h, /home/idris/catkin_ws/devel/include/rrtplanner/rrtActionGoal.h)
Linked: (/home/idris/catkin_ws/devel/.private/rrtplanner/include/rrtplanner/rrtActionFeedback.h, /home/idris/catkin_ws/devel/include/rrtplanner/rrtActionFeedback.h)
Linked: (/home/idris/catkin_ws/devel/.private/rrtplanner/include/rrtplanner/rrtResult.h, /home/idris/catkin_ws/devel/include/rrtplanner/rrtResult.h)
Linked: (/home/idris/catkin_ws/devel/.private/rrtplanner/include/rrtplanner/rrtAction.h, /home/idris/catkin_ws/devel/include/rrtplanner/rrtAction.h)
