Linked: (/home/idris/catkin_ws/devel/.private/aeplanner/lib/libaeplanner.so, /home/idris/catkin_ws/devel/lib/libaeplanner.so)
Linked: (/home/idris/catkin_ws/devel/.private/aeplanner/lib/aeplanner/aeplanner_node, /home/idris/catkin_ws/devel/lib/aeplanner/aeplanner_node)
Linked: (/home/idris/catkin_ws/devel/.private/aeplanner/lib/pkgconfig/aeplanner.pc, /home/idris/catkin_ws/devel/lib/pkgconfig/aeplanner.pc)
Linked: (/home/idris/catkin_ws/devel/.private/aeplanner/lib/python2.7/dist-packages/aeplanner/__init__.py, /home/idris/catkin_ws/devel/lib/python2.7/dist-packages/aeplanner/__init__.py)
Linked: (/home/idris/catkin_ws/devel/.private/aeplanner/lib/python2.7/dist-packages/aeplanner/srv/_Reevaluate.py, /home/idris/catkin_ws/devel/lib/python2.7/dist-packages/aeplanner/srv/_Reevaluate.py)
Linked: (/home/idris/catkin_ws/devel/.private/aeplanner/lib/python2.7/dist-packages/aeplanner/srv/__init__.py, /home/idris/catkin_ws/devel/lib/python2.7/dist-packages/aeplanner/srv/__init__.py)
Linked: (/home/idris/catkin_ws/devel/.private/aeplanner/lib/python2.7/dist-packages/aeplanner/msg/_aeplannerActionFeedback.py, /home/idris/catkin_ws/devel/lib/python2.7/dist-packages/aeplanner/msg/_aeplannerActionFeedback.py)
Linked: (/home/idris/catkin_ws/devel/.private/aeplanner/lib/python2.7/dist-packages/aeplanner/msg/_aeplannerActionResult.py, /home/idris/catkin_ws/devel/lib/python2.7/dist-packages/aeplanner/msg/_aeplannerActionResult.py)
Linked: (/home/idris/catkin_ws/devel/.private/aeplanner/lib/python2.7/dist-packages/aeplanner/msg/_Node.py, /home/idris/catkin_ws/devel/lib/python2.7/dist-packages/aeplanner/msg/_Node.py)
Linked: (/home/idris/catkin_ws/devel/.private/aeplanner/lib/python2.7/dist-packages/aeplanner/msg/_aeplannerAction.py, /home/idris/catkin_ws/devel/lib/python2.7/dist-packages/aeplanner/msg/_aeplannerAction.py)
Linked: (/home/idris/catkin_ws/devel/.private/aeplanner/lib/python2.7/dist-packages/aeplanner/msg/_aeplannerActionGoal.py, /home/idris/catkin_ws/devel/lib/python2.7/dist-packages/aeplanner/msg/_aeplannerActionGoal.py)
Linked: (/home/idris/catkin_ws/devel/.private/aeplanner/lib/python2.7/dist-packages/aeplanner/msg/__init__.py, /home/idris/catkin_ws/devel/lib/python2.7/dist-packages/aeplanner/msg/__init__.py)
Linked: (/home/idris/catkin_ws/devel/.private/aeplanner/lib/python2.7/dist-packages/aeplanner/msg/_aeplannerFeedback.py, /home/idris/catkin_ws/devel/lib/python2.7/dist-packages/aeplanner/msg/_aeplannerFeedback.py)
Linked: (/home/idris/catkin_ws/devel/.private/aeplanner/lib/python2.7/dist-packages/aeplanner/msg/_aeplannerResult.py, /home/idris/catkin_ws/devel/lib/python2.7/dist-packages/aeplanner/msg/_aeplannerResult.py)
Linked: (/home/idris/catkin_ws/devel/.private/aeplanner/lib/python2.7/dist-packages/aeplanner/msg/_aeplannerGoal.py, /home/idris/catkin_ws/devel/lib/python2.7/dist-packages/aeplanner/msg/_aeplannerGoal.py)
Linked: (/home/idris/catkin_ws/devel/.private/aeplanner/share/common-lisp/ros/aeplanner/srv/_package.lisp, /home/idris/catkin_ws/devel/share/common-lisp/ros/aeplanner/srv/_package.lisp)
Linked: (/home/idris/catkin_ws/devel/.private/aeplanner/share/common-lisp/ros/aeplanner/srv/_package_Reevaluate.lisp, /home/idris/catkin_ws/devel/share/common-lisp/ros/aeplanner/srv/_package_Reevaluate.lisp)
Linked: (/home/idris/catkin_ws/devel/.private/aeplanner/share/common-lisp/ros/aeplanner/srv/aeplanner-srv.asd, /home/idris/catkin_ws/devel/share/common-lisp/ros/aeplanner/srv/aeplanner-srv.asd)
Linked: (/home/idris/catkin_ws/devel/.private/aeplanner/share/common-lisp/ros/aeplanner/srv/Reevaluate.lisp, /home/idris/catkin_ws/devel/share/common-lisp/ros/aeplanner/srv/Reevaluate.lisp)
Linked: (/home/idris/catkin_ws/devel/.private/aeplanner/share/common-lisp/ros/aeplanner/msg/aeplannerActionGoal.lisp, /home/idris/catkin_ws/devel/share/common-lisp/ros/aeplanner/msg/aeplannerActionGoal.lisp)
Linked: (/home/idris/catkin_ws/devel/.private/aeplanner/share/common-lisp/ros/aeplanner/msg/_package_Node.lisp, /home/idris/catkin_ws/devel/share/common-lisp/ros/aeplanner/msg/_package_Node.lisp)
Linked: (/home/idris/catkin_ws/devel/.private/aeplanner/share/common-lisp/ros/aeplanner/msg/aeplannerResult.lisp, /home/idris/catkin_ws/devel/share/common-lisp/ros/aeplanner/msg/aeplannerResult.lisp)
Linked: (/home/idris/catkin_ws/devel/.private/aeplanner/share/common-lisp/ros/aeplanner/msg/_package.lisp, /home/idris/catkin_ws/devel/share/common-lisp/ros/aeplanner/msg/_package.lisp)
Linked: (/home/idris/catkin_ws/devel/.private/aeplanner/share/common-lisp/ros/aeplanner/msg/_package_aeplannerActionFeedback.lisp, /home/idris/catkin_ws/devel/share/common-lisp/ros/aeplanner/msg/_package_aeplannerActionFeedback.lisp)
Linked: (/home/idris/catkin_ws/devel/.private/aeplanner/share/common-lisp/ros/aeplanner/msg/aeplannerActionFeedback.lisp, /home/idris/catkin_ws/devel/share/common-lisp/ros/aeplanner/msg/aeplannerActionFeedback.lisp)
Linked: (/home/idris/catkin_ws/devel/.private/aeplanner/share/common-lisp/ros/aeplanner/msg/aeplannerFeedback.lisp, /home/idris/catkin_ws/devel/share/common-lisp/ros/aeplanner/msg/aeplannerFeedback.lisp)
Linked: (/home/idris/catkin_ws/devel/.private/aeplanner/share/common-lisp/ros/aeplanner/msg/aeplannerGoal.lisp, /home/idris/catkin_ws/devel/share/common-lisp/ros/aeplanner/msg/aeplannerGoal.lisp)
Linked: (/home/idris/catkin_ws/devel/.private/aeplanner/share/common-lisp/ros/aeplanner/msg/_package_aeplannerAction.lisp, /home/idris/catkin_ws/devel/share/common-lisp/ros/aeplanner/msg/_package_aeplannerAction.lisp)
Linked: (/home/idris/catkin_ws/devel/.private/aeplanner/share/common-lisp/ros/aeplanner/msg/_package_aeplannerFeedback.lisp, /home/idris/catkin_ws/devel/share/common-lisp/ros/aeplanner/msg/_package_aeplannerFeedback.lisp)
Linked: (/home/idris/catkin_ws/devel/.private/aeplanner/share/common-lisp/ros/aeplanner/msg/aeplannerAction.lisp, /home/idris/catkin_ws/devel/share/common-lisp/ros/aeplanner/msg/aeplannerAction.lisp)
Linked: (/home/idris/catkin_ws/devel/.private/aeplanner/share/common-lisp/ros/aeplanner/msg/_package_aeplannerActionGoal.lisp, /home/idris/catkin_ws/devel/share/common-lisp/ros/aeplanner/msg/_package_aeplannerActionGoal.lisp)
Linked: (/home/idris/catkin_ws/devel/.private/aeplanner/share/common-lisp/ros/aeplanner/msg/_package_aeplannerResult.lisp, /home/idris/catkin_ws/devel/share/common-lisp/ros/aeplanner/msg/_package_aeplannerResult.lisp)
Linked: (/home/idris/catkin_ws/devel/.private/aeplanner/share/common-lisp/ros/aeplanner/msg/aeplanner-msg.asd, /home/idris/catkin_ws/devel/share/common-lisp/ros/aeplanner/msg/aeplanner-msg.asd)
Linked: (/home/idris/catkin_ws/devel/.private/aeplanner/share/common-lisp/ros/aeplanner/msg/_package_aeplannerActionResult.lisp, /home/idris/catkin_ws/devel/share/common-lisp/ros/aeplanner/msg/_package_aeplannerActionResult.lisp)
Linked: (/home/idris/catkin_ws/devel/.private/aeplanner/share/common-lisp/ros/aeplanner/msg/_package_aeplannerGoal.lisp, /home/idris/catkin_ws/devel/share/common-lisp/ros/aeplanner/msg/_package_aeplannerGoal.lisp)
Linked: (/home/idris/catkin_ws/devel/.private/aeplanner/share/common-lisp/ros/aeplanner/msg/aeplannerActionResult.lisp, /home/idris/catkin_ws/devel/share/common-lisp/ros/aeplanner/msg/aeplannerActionResult.lisp)
Linked: (/home/idris/catkin_ws/devel/.private/aeplanner/share/common-lisp/ros/aeplanner/msg/Node.lisp, /home/idris/catkin_ws/devel/share/common-lisp/ros/aeplanner/msg/Node.lisp)
Linked: (/home/idris/catkin_ws/devel/.private/aeplanner/share/aeplanner/msg/aeplannerFeedback.msg, /home/idris/catkin_ws/devel/share/aeplanner/msg/aeplannerFeedback.msg)
Linked: (/home/idris/catkin_ws/devel/.private/aeplanner/share/aeplanner/msg/aeplannerActionResult.msg, /home/idris/catkin_ws/devel/share/aeplanner/msg/aeplannerActionResult.msg)
Linked: (/home/idris/catkin_ws/devel/.private/aeplanner/share/aeplanner/msg/aeplannerAction.msg, /home/idris/catkin_ws/devel/share/aeplanner/msg/aeplannerAction.msg)
Linked: (/home/idris/catkin_ws/devel/.private/aeplanner/share/aeplanner/msg/aeplannerResult.msg, /home/idris/catkin_ws/devel/share/aeplanner/msg/aeplannerResult.msg)
Linked: (/home/idris/catkin_ws/devel/.private/aeplanner/share/aeplanner/msg/aeplannerActionGoal.msg, /home/idris/catkin_ws/devel/share/aeplanner/msg/aeplannerActionGoal.msg)
Linked: (/home/idris/catkin_ws/devel/.private/aeplanner/share/aeplanner/msg/aeplannerGoal.msg, /home/idris/catkin_ws/devel/share/aeplanner/msg/aeplannerGoal.msg)
Linked: (/home/idris/catkin_ws/devel/.private/aeplanner/share/aeplanner/msg/aeplannerActionFeedback.msg, /home/idris/catkin_ws/devel/share/aeplanner/msg/aeplannerActionFeedback.msg)
Linked: (/home/idris/catkin_ws/devel/.private/aeplanner/share/aeplanner/cmake/aeplanner-msg-extras.cmake, /home/idris/catkin_ws/devel/share/aeplanner/cmake/aeplanner-msg-extras.cmake)
Linked: (/home/idris/catkin_ws/devel/.private/aeplanner/share/aeplanner/cmake/aeplannerConfig-version.cmake, /home/idris/catkin_ws/devel/share/aeplanner/cmake/aeplannerConfig-version.cmake)
Linked: (/home/idris/catkin_ws/devel/.private/aeplanner/share/aeplanner/cmake/aeplannerConfig.cmake, /home/idris/catkin_ws/devel/share/aeplanner/cmake/aeplannerConfig.cmake)
Linked: (/home/idris/catkin_ws/devel/.private/aeplanner/share/aeplanner/cmake/aeplanner-msg-paths.cmake, /home/idris/catkin_ws/devel/share/aeplanner/cmake/aeplanner-msg-paths.cmake)
Linked: (/home/idris/catkin_ws/devel/.private/aeplanner/share/roseus/ros/aeplanner/manifest.l, /home/idris/catkin_ws/devel/share/roseus/ros/aeplanner/manifest.l)
Linked: (/home/idris/catkin_ws/devel/.private/aeplanner/share/roseus/ros/aeplanner/srv/Reevaluate.l, /home/idris/catkin_ws/devel/share/roseus/ros/aeplanner/srv/Reevaluate.l)
Linked: (/home/idris/catkin_ws/devel/.private/aeplanner/share/roseus/ros/aeplanner/msg/aeplannerFeedback.l, /home/idris/catkin_ws/devel/share/roseus/ros/aeplanner/msg/aeplannerFeedback.l)
Linked: (/home/idris/catkin_ws/devel/.private/aeplanner/share/roseus/ros/aeplanner/msg/aeplannerAction.l, /home/idris/catkin_ws/devel/share/roseus/ros/aeplanner/msg/aeplannerAction.l)
Linked: (/home/idris/catkin_ws/devel/.private/aeplanner/share/roseus/ros/aeplanner/msg/aeplannerActionFeedback.l, /home/idris/catkin_ws/devel/share/roseus/ros/aeplanner/msg/aeplannerActionFeedback.l)
Linked: (/home/idris/catkin_ws/devel/.private/aeplanner/share/roseus/ros/aeplanner/msg/Node.l, /home/idris/catkin_ws/devel/share/roseus/ros/aeplanner/msg/Node.l)
Linked: (/home/idris/catkin_ws/devel/.private/aeplanner/share/roseus/ros/aeplanner/msg/aeplannerActionGoal.l, /home/idris/catkin_ws/devel/share/roseus/ros/aeplanner/msg/aeplannerActionGoal.l)
Linked: (/home/idris/catkin_ws/devel/.private/aeplanner/share/roseus/ros/aeplanner/msg/aeplannerActionResult.l, /home/idris/catkin_ws/devel/share/roseus/ros/aeplanner/msg/aeplannerActionResult.l)
Linked: (/home/idris/catkin_ws/devel/.private/aeplanner/share/roseus/ros/aeplanner/msg/aeplannerGoal.l, /home/idris/catkin_ws/devel/share/roseus/ros/aeplanner/msg/aeplannerGoal.l)
Linked: (/home/idris/catkin_ws/devel/.private/aeplanner/share/roseus/ros/aeplanner/msg/aeplannerResult.l, /home/idris/catkin_ws/devel/share/roseus/ros/aeplanner/msg/aeplannerResult.l)
Linked: (/home/idris/catkin_ws/devel/.private/aeplanner/share/gennodejs/ros/aeplanner/_index.js, /home/idris/catkin_ws/devel/share/gennodejs/ros/aeplanner/_index.js)
Linked: (/home/idris/catkin_ws/devel/.private/aeplanner/share/gennodejs/ros/aeplanner/srv/_index.js, /home/idris/catkin_ws/devel/share/gennodejs/ros/aeplanner/srv/_index.js)
Linked: (/home/idris/catkin_ws/devel/.private/aeplanner/share/gennodejs/ros/aeplanner/srv/Reevaluate.js, /home/idris/catkin_ws/devel/share/gennodejs/ros/aeplanner/srv/Reevaluate.js)
Linked: (/home/idris/catkin_ws/devel/.private/aeplanner/share/gennodejs/ros/aeplanner/msg/aeplannerAction.js, /home/idris/catkin_ws/devel/share/gennodejs/ros/aeplanner/msg/aeplannerAction.js)
Linked: (/home/idris/catkin_ws/devel/.private/aeplanner/share/gennodejs/ros/aeplanner/msg/aeplannerActionResult.js, /home/idris/catkin_ws/devel/share/gennodejs/ros/aeplanner/msg/aeplannerActionResult.js)
Linked: (/home/idris/catkin_ws/devel/.private/aeplanner/share/gennodejs/ros/aeplanner/msg/aeplannerActionFeedback.js, /home/idris/catkin_ws/devel/share/gennodejs/ros/aeplanner/msg/aeplannerActionFeedback.js)
Linked: (/home/idris/catkin_ws/devel/.private/aeplanner/share/gennodejs/ros/aeplanner/msg/aeplannerActionGoal.js, /home/idris/catkin_ws/devel/share/gennodejs/ros/aeplanner/msg/aeplannerActionGoal.js)
Linked: (/home/idris/catkin_ws/devel/.private/aeplanner/share/gennodejs/ros/aeplanner/msg/_index.js, /home/idris/catkin_ws/devel/share/gennodejs/ros/aeplanner/msg/_index.js)
Linked: (/home/idris/catkin_ws/devel/.private/aeplanner/share/gennodejs/ros/aeplanner/msg/aeplannerResult.js, /home/idris/catkin_ws/devel/share/gennodejs/ros/aeplanner/msg/aeplannerResult.js)
Linked: (/home/idris/catkin_ws/devel/.private/aeplanner/share/gennodejs/ros/aeplanner/msg/aeplannerGoal.js, /home/idris/catkin_ws/devel/share/gennodejs/ros/aeplanner/msg/aeplannerGoal.js)
Linked: (/home/idris/catkin_ws/devel/.private/aeplanner/share/gennodejs/ros/aeplanner/msg/aeplannerFeedback.js, /home/idris/catkin_ws/devel/share/gennodejs/ros/aeplanner/msg/aeplannerFeedback.js)
Linked: (/home/idris/catkin_ws/devel/.private/aeplanner/share/gennodejs/ros/aeplanner/msg/Node.js, /home/idris/catkin_ws/devel/share/gennodejs/ros/aeplanner/msg/Node.js)
Linked: (/home/idris/catkin_ws/devel/.private/aeplanner/include/aeplanner/Reevaluate.h, /home/idris/catkin_ws/devel/include/aeplanner/Reevaluate.h)
Linked: (/home/idris/catkin_ws/devel/.private/aeplanner/include/aeplanner/ReevaluateRequest.h, /home/idris/catkin_ws/devel/include/aeplanner/ReevaluateRequest.h)
Linked: (/home/idris/catkin_ws/devel/.private/aeplanner/include/aeplanner/aeplannerAction.h, /home/idris/catkin_ws/devel/include/aeplanner/aeplannerAction.h)
Linked: (/home/idris/catkin_ws/devel/.private/aeplanner/include/aeplanner/aeplannerFeedback.h, /home/idris/catkin_ws/devel/include/aeplanner/aeplannerFeedback.h)
Linked: (/home/idris/catkin_ws/devel/.private/aeplanner/include/aeplanner/Node.h, /home/idris/catkin_ws/devel/include/aeplanner/Node.h)
Linked: (/home/idris/catkin_ws/devel/.private/aeplanner/include/aeplanner/aeplannerActionGoal.h, /home/idris/catkin_ws/devel/include/aeplanner/aeplannerActionGoal.h)
Linked: (/home/idris/catkin_ws/devel/.private/aeplanner/include/aeplanner/ReevaluateResponse.h, /home/idris/catkin_ws/devel/include/aeplanner/ReevaluateResponse.h)
Linked: (/home/idris/catkin_ws/devel/.private/aeplanner/include/aeplanner/aeplannerActionResult.h, /home/idris/catkin_ws/devel/include/aeplanner/aeplannerActionResult.h)
Linked: (/home/idris/catkin_ws/devel/.private/aeplanner/include/aeplanner/aeplannerGoal.h, /home/idris/catkin_ws/devel/include/aeplanner/aeplannerGoal.h)
Linked: (/home/idris/catkin_ws/devel/.private/aeplanner/include/aeplanner/aeplannerActionFeedback.h, /home/idris/catkin_ws/devel/include/aeplanner/aeplannerActionFeedback.h)
Linked: (/home/idris/catkin_ws/devel/.private/aeplanner/include/aeplanner/aeplannerResult.h, /home/idris/catkin_ws/devel/include/aeplanner/aeplannerResult.h)
