[  0%] Built target std_msgs_generate_messages_cpp
[  0%] Built target geometry_msgs_generate_messages_cpp
[  0%] Built target actionlib_msgs_generate_messages_cpp
[  0%] Built target _aeplanner_generate_messages_check_deps_aeplannerActionGoal
[  0%] Built target _aeplanner_generate_messages_check_deps_aeplannerFeedback
[  0%] Built target visualization_msgs_generate_messages_cpp
[  0%] Built target _aeplanner_generate_messages_check_deps_Node
[  0%] Built target _aeplanner_generate_messages_check_deps_Reevaluate
[  0%] Built target _aeplanner_generate_messages_check_deps_aeplannerActionFeedback
[  0%] Built target _aeplanner_generate_messages_check_deps_aeplannerResult
[  0%] Built target _aeplanner_generate_messages_check_deps_aeplannerGoal
[  0%] Built target geometry_msgs_generate_messages_lisp
[  0%] Built target std_msgs_generate_messages_lisp
[  0%] Built target _aeplanner_generate_messages_check_deps_aeplannerAction
[  0%] Built target _aeplanner_generate_messages_check_deps_aeplannerActionResult
[  0%] Built target actionlib_msgs_generate_messages_lisp
[  0%] Built target visualization_msgs_generate_messages_lisp
[  0%] Built target visualization_msgs_generate_messages_eus
[  0%] Built target dynamic_reconfigure_generate_messages_nodejs
[  0%] Built target std_msgs_generate_messages_nodejs
[  0%] Built target geometry_msgs_generate_messages_py
[  0%] Built target sensor_msgs_generate_messages_cpp
[  0%] Built target sensor_msgs_generate_messages_lisp
[  0%] Built target tf_generate_messages_nodejs
[  0%] Built target visualization_msgs_generate_messages_nodejs
[  0%] Built target actionlib_msgs_generate_messages_nodejs
[  0%] Built target roscpp_generate_messages_cpp
[  0%] Built target sensor_msgs_generate_messages_nodejs
[  0%] Built target actionlib_generate_messages_cpp
[  0%] Built target geometry_msgs_generate_messages_nodejs
[  0%] Built target roscpp_generate_messages_lisp
[  0%] Built target roscpp_generate_messages_nodejs
[  0%] Built target geometry_msgs_generate_messages_eus
[  0%] Built target std_msgs_generate_messages_py
[  0%] Built target roscpp_generate_messages_py
[  0%] Built target rosgraph_msgs_generate_messages_cpp
[  0%] Built target rosgraph_msgs_generate_messages_eus
[  0%] Built target rosgraph_msgs_generate_messages_lisp
[  0%] Built target dynamic_reconfigure_generate_messages_cpp
[  0%] Built target tf_generate_messages_py
[  0%] Built target rosgraph_msgs_generate_messages_nodejs
[  0%] Built target sensor_msgs_generate_messages_py
[  0%] Built target sensor_msgs_generate_messages_eus
[  0%] Built target actionlib_generate_messages_eus
[  0%] Built target tf_generate_messages_cpp
[  0%] Built target actionlib_generate_messages_lisp
[  0%] Built target actionlib_generate_messages_nodejs
[  0%] Built target tf_generate_messages_eus
[  0%] Built target roscpp_generate_messages_eus
[  0%] Built target rosgraph_msgs_generate_messages_py
[  0%] Built target actionlib_msgs_generate_messages_eus
[  0%] Built target pigain_generate_messages_nodejs
[  0%] Built target actionlib_msgs_generate_messages_py
[  0%] Built target tf2_msgs_generate_messages_cpp
[  0%] Built target tf2_msgs_generate_messages_eus
[  0%] Built target actionlib_generate_messages_py
[  0%] Built target tf2_msgs_generate_messages_py
[  0%] Built target tf2_msgs_generate_messages_nodejs
[  0%] Built target std_msgs_generate_messages_eus
[  0%] Built target pigain_generate_messages_cpp
[  0%] Built target tf_generate_messages_lisp
[  0%] Built target pigain_generate_messages_lisp
[  0%] Built target visualization_msgs_generate_messages_py
[  0%] Built target pigain_generate_messages_py
[  0%] Built target dynamic_reconfigure_generate_messages_eus
[  0%] Built target dynamic_reconfigure_generate_messages_py
[  0%] Built target dynamic_reconfigure_generate_messages_lisp
[  0%] Built target tf2_msgs_generate_messages_lisp
[  0%] Built target dynamic_reconfigure_gencfg
[  0%] Built target pigain_generate_messages_eus
[  1%] [34m[1mGenerating Python from MSG aeplanner/aeplannerGoal[0m
[  3%] [34m[1mGenerating C++ code from aeplanner/aeplannerGoal.msg[0m
[  5%] [34m[1mGenerating Lisp code from aeplanner/aeplannerGoal.msg[0m
[  6%] [34m[1mGenerating Javascript code from aeplanner/aeplannerGoal.msg[0m
[  8%] [34m[1mGenerating Lisp code from aeplanner/aeplannerActionGoal.msg[0m
[ 10%] [34m[1mGenerating Javascript code from aeplanner/aeplannerActionGoal.msg[0m
[ 12%] [34m[1mGenerating Python from MSG aeplanner/aeplannerActionGoal[0m
[ 13%] [34m[1mGenerating Lisp code from aeplanner/aeplannerAction.msg[0m
[ 15%] [34m[1mGenerating Javascript code from aeplanner/aeplannerAction.msg[0m
[ 17%] [34m[1mGenerating Lisp code from aeplanner/Node.msg[0m
[ 18%] [34m[1mGenerating C++ code from aeplanner/aeplannerActionGoal.msg[0m
[ 20%] [34m[1mGenerating Javascript code from aeplanner/Node.msg[0m
[ 22%] [34m[1mGenerating Python from MSG aeplanner/aeplannerAction[0m
[ 24%] [34m[1mGenerating Lisp code from aeplanner/aeplannerActionFeedback.msg[0m
[ 25%] [34m[1mGenerating Javascript code from aeplanner/aeplannerActionFeedback.msg[0m
[ 27%] [34m[1mGenerating Lisp code from aeplanner/aeplannerFeedback.msg[0m
[ 29%] [34m[1mGenerating Javascript code from aeplanner/aeplannerFeedback.msg[0m
[ 31%] [34m[1mGenerating Lisp code from aeplanner/aeplannerActionResult.msg[0m
[ 32%] [34m[1mGenerating Javascript code from aeplanner/aeplannerActionResult.msg[0m
[ 34%] [34m[1mGenerating C++ code from aeplanner/aeplannerAction.msg[0m
[ 36%] [34m[1mGenerating Python from MSG aeplanner/Node[0m
[ 37%] [34m[1mGenerating Lisp code from aeplanner/aeplannerResult.msg[0m
[ 39%] [34m[1mGenerating Javascript code from aeplanner/aeplannerResult.msg[0m
[ 41%] [34m[1mGenerating Lisp code from aeplanner/Reevaluate.srv[0m
[ 43%] [34m[1mGenerating Javascript code from aeplanner/Reevaluate.srv[0m
[ 44%] [34m[1mGenerating Python from MSG aeplanner/aeplannerActionFeedback[0m
[ 44%] Built target aeplanner_generate_messages_nodejs
[ 44%] Built target aeplanner_generate_messages_lisp
[ 46%] [34m[1mGenerating Python from MSG aeplanner/aeplannerFeedback[0m
[ 48%] [34m[1mGenerating C++ code from aeplanner/Node.msg[0m
[ 50%] [34m[1mGenerating EusLisp code from aeplanner/aeplannerGoal.msg[0m
[ 51%] [34m[1mGenerating EusLisp code from aeplanner/aeplannerActionGoal.msg[0m
[ 53%] [34m[1mGenerating Python from MSG aeplanner/aeplannerActionResult[0m
[ 55%] [34m[1mGenerating C++ code from aeplanner/aeplannerActionFeedback.msg[0m
[ 56%] [34m[1mGenerating C++ code from aeplanner/aeplannerFeedback.msg[0m
[ 58%] [34m[1mGenerating EusLisp code from aeplanner/aeplannerAction.msg[0m
[ 60%] [34m[1mGenerating Python from MSG aeplanner/aeplannerResult[0m
[ 62%] [34m[1mGenerating EusLisp code from aeplanner/Node.msg[0m
[ 63%] [34m[1mGenerating C++ code from aeplanner/aeplannerActionResult.msg[0m
[ 65%] [34m[1mGenerating C++ code from aeplanner/aeplannerResult.msg[0m
[ 67%] [34m[1mGenerating Python code from SRV aeplanner/Reevaluate[0m
[ 68%] [34m[1mGenerating EusLisp code from aeplanner/aeplannerActionFeedback.msg[0m
[ 70%] [34m[1mGenerating EusLisp code from aeplanner/aeplannerFeedback.msg[0m
[ 72%] [34m[1mGenerating Python msg __init__.py for aeplanner[0m
[ 74%] [34m[1mGenerating C++ code from aeplanner/Reevaluate.srv[0m
[ 75%] [34m[1mGenerating EusLisp code from aeplanner/aeplannerActionResult.msg[0m
[ 77%] [34m[1mGenerating Python srv __init__.py for aeplanner[0m
[ 79%] [34m[1mGenerating EusLisp code from aeplanner/aeplannerResult.msg[0m
[ 81%] [34m[1mGenerating EusLisp code from aeplanner/Reevaluate.srv[0m
[ 81%] Built target aeplanner_generate_messages_py
[ 82%] [34m[1mGenerating EusLisp manifest code for aeplanner[0m
[ 82%] Built target aeplanner_generate_messages_cpp
[ 82%] Built target aeplanner_generate_messages_eus
[35m[1mScanning dependencies of target aeplanner[0m
[35m[1mScanning dependencies of target aeplanner_node[0m
[ 82%] Built target aeplanner_generate_messages
[ 84%] [32mBuilding CXX object CMakeFiles/aeplanner.dir/src/aeplanner_nodelet.cpp.o[0m
[ 86%] [32mBuilding CXX object CMakeFiles/aeplanner.dir/src/aeplanner.cpp.o[0m
[ 87%] [32mBuilding CXX object CMakeFiles/aeplanner_node.dir/src/aeplanner.cpp.o[0m
[ 89%] [32mBuilding CXX object CMakeFiles/aeplanner_node.dir/src/aeplanner_node.cpp.o[0m
[01m[K/home/idris/catkin_ws/src/aeplanner/aeplanner/src/aeplanner.cpp:640:52:[m[K [01;31m[Kerror: [m[K‘[01m[KBatteryState[m[K’ in namespace ‘[01m[Ksensor_msgs[m[K’ does not name a type
 void AEPlanner::batteryCallback(const sensor_msgs::[01;31m[KBatteryState[m[K& msg)
                                                    [01;31m[K^~~~~~~~~~~~[m[K
[01m[K/home/idris/catkin_ws/src/aeplanner/aeplanner/src/aeplanner.cpp:640:6:[m[K [01;31m[Kerror: [m[Kprototype for ‘[01m[Kvoid aeplanner::AEPlanner::batteryCallback(const int&)[m[K’ does not match any in class ‘[01m[Kaeplanner::AEPlanner[m[K’
 void [01;31m[KAEPlanner[m[K::batteryCallback(const sensor_msgs::BatteryState& msg)
      [01;31m[K^~~~~~~~~[m[K
In file included from [01m[K/home/idris/catkin_ws/src/aeplanner/aeplanner/src/aeplanner.cpp:1:0[m[K:
[01m[K/home/idris/catkin_ws/src/aeplanner/aeplanner/include/aeplanner/aeplanner.h:117:8:[m[K [01;31m[Kerror: [m[Kcandidate is: void aeplanner::AEPlanner::batteryCallback(const PoseStamped&)
   void [01;31m[KbatteryCallback[m[K(const geometry_msgs::PoseStamped& msg);
        [01;31m[K^~~~~~~~~~~~~~~[m[K
[01m[K/home/idris/catkin_ws/src/aeplanner/aeplanner/src/aeplanner.cpp:640:52:[m[K [01;31m[Kerror: [m[K‘[01m[KBatteryState[m[K’ in namespace ‘[01m[Ksensor_msgs[m[K’ does not name a type
 void AEPlanner::batteryCallback(const sensor_msgs::[01;31m[KBatteryState[m[K& msg)
                                                    [01;31m[K^~~~~~~~~~~~[m[K
[01m[K/home/idris/catkin_ws/src/aeplanner/aeplanner/src/aeplanner.cpp:640:6:[m[K [01;31m[Kerror: [m[Kprototype for ‘[01m[Kvoid aeplanner::AEPlanner::batteryCallback(const int&)[m[K’ does not match any in class ‘[01m[Kaeplanner::AEPlanner[m[K’
 void [01;31m[KAEPlanner[m[K::batteryCallback(const sensor_msgs::BatteryState& msg)
      [01;31m[K^~~~~~~~~[m[K
In file included from [01m[K/home/idris/catkin_ws/src/aeplanner/aeplanner/src/aeplanner.cpp:1:0[m[K:
[01m[K/home/idris/catkin_ws/src/aeplanner/aeplanner/include/aeplanner/aeplanner.h:117:8:[m[K [01;31m[Kerror: [m[Kcandidate is: void aeplanner::AEPlanner::batteryCallback(const PoseStamped&)
   void [01;31m[KbatteryCallback[m[K(const geometry_msgs::PoseStamped& msg);
        [01;31m[K^~~~~~~~~~~~~~~[m[K
CMakeFiles/aeplanner.dir/build.make:86: recipe for target 'CMakeFiles/aeplanner.dir/src/aeplanner.cpp.o' failed
make[2]: *** [CMakeFiles/aeplanner.dir/src/aeplanner.cpp.o] Error 1
make[2]: *** Waiting for unfinished jobs....
CMakeFiles/aeplanner_node.dir/build.make:86: recipe for target 'CMakeFiles/aeplanner_node.dir/src/aeplanner.cpp.o' failed
make[2]: *** [CMakeFiles/aeplanner_node.dir/src/aeplanner.cpp.o] Error 1
make[2]: *** Waiting for unfinished jobs....
CMakeFiles/Makefile2:1986: recipe for target 'CMakeFiles/aeplanner_node.dir/all' failed
make[1]: *** [CMakeFiles/aeplanner_node.dir/all] Error 2
make[1]: *** Waiting for unfinished jobs....
CMakeFiles/Makefile2:132: recipe for target 'CMakeFiles/aeplanner.dir/all' failed
make[1]: *** [CMakeFiles/aeplanner.dir/all] Error 2
Makefile:140: recipe for target 'all' failed
make: *** [all] Error 2
