[  0%] Built target std_msgs_generate_messages_cpp
[  0%] Built target geometry_msgs_generate_messages_cpp
[  0%] Built target _aeplanner_generate_messages_check_deps_aeplannerFeedback
[  0%] Built target _aeplanner_generate_messages_check_deps_aeplannerActionGoal
[  0%] Built target actionlib_msgs_generate_messages_cpp
[  0%] Built target visualization_msgs_generate_messages_cpp
[  0%] Built target _aeplanner_generate_messages_check_deps_Node
[  0%] Built target _aeplanner_generate_messages_check_deps_Reevaluate
[  0%] Built target _aeplanner_generate_messages_check_deps_aeplannerActionFeedback
[  0%] Built target _aeplanner_generate_messages_check_deps_aeplannerResult
[  0%] Built target _aeplanner_generate_messages_check_deps_aeplannerGoal
[  0%] Built target geometry_msgs_generate_messages_lisp
[  0%] Built target std_msgs_generate_messages_lisp
[  0%] Built target _aeplanner_generate_messages_check_deps_aeplannerAction
[  0%] Built target _aeplanner_generate_messages_check_deps_aeplannerActionResult
[  0%] Built target actionlib_msgs_generate_messages_lisp
[  0%] Built target visualization_msgs_generate_messages_lisp
[  0%] Built target visualization_msgs_generate_messages_eus
[  0%] Built target dynamic_reconfigure_generate_messages_nodejs
[  0%] Built target geometry_msgs_generate_messages_py
[  0%] Built target std_msgs_generate_messages_nodejs
[  0%] Built target sensor_msgs_generate_messages_cpp
[  0%] Built target visualization_msgs_generate_messages_nodejs
[  0%] Built target tf_generate_messages_nodejs
[  0%] Built target actionlib_msgs_generate_messages_nodejs
[  0%] Built target sensor_msgs_generate_messages_lisp
[  0%] Built target roscpp_generate_messages_cpp
[  0%] Built target sensor_msgs_generate_messages_nodejs
[  0%] Built target roscpp_generate_messages_lisp
[  0%] Built target geometry_msgs_generate_messages_nodejs
[  0%] Built target actionlib_generate_messages_cpp
[  0%] Built target roscpp_generate_messages_nodejs
[  0%] Built target geometry_msgs_generate_messages_eus
[  0%] Built target roscpp_generate_messages_py
[  0%] Built target std_msgs_generate_messages_py
[  0%] Built target rosgraph_msgs_generate_messages_cpp
[  0%] Built target rosgraph_msgs_generate_messages_eus
[  0%] Built target rosgraph_msgs_generate_messages_lisp
[  0%] Built target dynamic_reconfigure_generate_messages_cpp
[  0%] Built target tf_generate_messages_py
[  0%] Built target sensor_msgs_generate_messages_py
[  0%] Built target rosgraph_msgs_generate_messages_nodejs
[  0%] Built target sensor_msgs_generate_messages_eus
[  0%] Built target actionlib_generate_messages_eus
[  0%] Built target actionlib_generate_messages_lisp
[  0%] Built target tf_generate_messages_cpp
[  0%] Built target actionlib_generate_messages_nodejs
[  0%] Built target tf_generate_messages_eus
[  0%] Built target roscpp_generate_messages_eus
[  0%] Built target rosgraph_msgs_generate_messages_py
[  0%] Built target actionlib_msgs_generate_messages_eus
[  0%] Built target pigain_generate_messages_nodejs
[  0%] Built target actionlib_msgs_generate_messages_py
[  0%] Built target tf2_msgs_generate_messages_cpp
[  0%] Built target tf2_msgs_generate_messages_eus
[  0%] Built target tf2_msgs_generate_messages_py
[  0%] Built target actionlib_generate_messages_py
[  0%] Built target std_msgs_generate_messages_eus
[  0%] Built target tf2_msgs_generate_messages_nodejs
[  0%] Built target pigain_generate_messages_cpp
[  0%] Built target tf_generate_messages_lisp
[  0%] Built target pigain_generate_messages_lisp
[  0%] Built target visualization_msgs_generate_messages_py
[  0%] Built target dynamic_reconfigure_generate_messages_eus
[  0%] Built target dynamic_reconfigure_generate_messages_lisp
[  0%] Built target pigain_generate_messages_py
[  0%] Built target dynamic_reconfigure_generate_messages_py
[  0%] Built target dynamic_reconfigure_gencfg
[  0%] Built target tf2_msgs_generate_messages_lisp
[  0%] Built target pigain_generate_messages_eus
[ 18%] Built target aeplanner_generate_messages_py
[ 34%] Built target aeplanner_generate_messages_lisp
[ 50%] Built target aeplanner_generate_messages_cpp
[ 68%] Built target aeplanner_generate_messages_eus
[ 82%] Built target aeplanner_generate_messages_nodejs
[35m[1mScanning dependencies of target aeplanner_node[0m
[35m[1mScanning dependencies of target aeplanner[0m
[ 82%] Built target aeplanner_generate_messages
[ 84%] [32mBuilding CXX object CMakeFiles/aeplanner_node.dir/src/aeplanner.cpp.o[0m
[ 86%] [32mBuilding CXX object CMakeFiles/aeplanner.dir/src/aeplanner.cpp.o[0m
[ 87%] [32m[1mLinking CXX executable /home/idris/catkin_ws/devel/.private/aeplanner/lib/aeplanner/aeplanner_node[0m
[ 89%] [32m[1mLinking CXX shared library /home/idris/catkin_ws/devel/.private/aeplanner/lib/libaeplanner.so[0m
[ 94%] Built target aeplanner_node
[100%] Built target aeplanner
