[  0%] Built target std_msgs_generate_messages_cpp
[  0%] Built target geometry_msgs_generate_messages_cpp
[  0%] Built target _aeplanner_generate_messages_check_deps_aeplannerFeedback
[  0%] Built target _aeplanner_generate_messages_check_deps_aeplannerActionGoal
[  0%] Built target actionlib_msgs_generate_messages_cpp
[  0%] Built target visualization_msgs_generate_messages_cpp
[  0%] Built target _aeplanner_generate_messages_check_deps_Node
[  0%] Built target _aeplanner_generate_messages_check_deps_Reevaluate
[  0%] Built target _aeplanner_generate_messages_check_deps_aeplannerActionFeedback
[  0%] Built target _aeplanner_generate_messages_check_deps_aeplannerGoal
[  0%] Built target _aeplanner_generate_messages_check_deps_aeplannerResult
[  0%] Built target geometry_msgs_generate_messages_lisp
[  0%] Built target _aeplanner_generate_messages_check_deps_aeplannerActionResult
[  0%] Built target _aeplanner_generate_messages_check_deps_aeplannerAction
[  0%] Built target std_msgs_generate_messages_lisp
[  0%] Built target actionlib_msgs_generate_messages_lisp
[  0%] Built target visualization_msgs_generate_messages_lisp
[  0%] Built target dynamic_reconfigure_generate_messages_nodejs
[  0%] Built target visualization_msgs_generate_messages_eus
[  0%] Built target geometry_msgs_generate_messages_py
[  0%] Built target std_msgs_generate_messages_nodejs
[  0%] Built target sensor_msgs_generate_messages_cpp
[  0%] Built target visualization_msgs_generate_messages_nodejs
[  0%] Built target tf_generate_messages_nodejs
[  0%] Built target sensor_msgs_generate_messages_lisp
[  0%] Built target actionlib_msgs_generate_messages_nodejs
[  0%] Built target roscpp_generate_messages_cpp
[  0%] Built target sensor_msgs_generate_messages_nodejs
[  0%] Built target actionlib_generate_messages_cpp
[  0%] Built target geometry_msgs_generate_messages_nodejs
[  0%] Built target roscpp_generate_messages_lisp
[  0%] Built target roscpp_generate_messages_nodejs
[  0%] Built target geometry_msgs_generate_messages_eus
[  0%] Built target std_msgs_generate_messages_py
[  0%] Built target roscpp_generate_messages_py
[  0%] Built target rosgraph_msgs_generate_messages_cpp
[  0%] Built target rosgraph_msgs_generate_messages_eus
[  0%] Built target dynamic_reconfigure_generate_messages_cpp
[  0%] Built target rosgraph_msgs_generate_messages_lisp
[  0%] Built target tf_generate_messages_py
[  0%] Built target sensor_msgs_generate_messages_py
[  0%] Built target rosgraph_msgs_generate_messages_nodejs
[  0%] Built target sensor_msgs_generate_messages_eus
[  0%] Built target actionlib_generate_messages_eus
[  0%] Built target actionlib_generate_messages_lisp
[  0%] Built target tf_generate_messages_cpp
[  0%] Built target actionlib_generate_messages_nodejs
[  0%] Built target tf_generate_messages_eus
[  0%] Built target rosgraph_msgs_generate_messages_py
[  0%] Built target roscpp_generate_messages_eus
[  0%] Built target actionlib_msgs_generate_messages_eus
[  0%] Built target pigain_generate_messages_nodejs
[  0%] Built target actionlib_msgs_generate_messages_py
[  0%] Built target tf2_msgs_generate_messages_cpp
[  0%] Built target tf2_msgs_generate_messages_eus
[  0%] Built target tf2_msgs_generate_messages_py
[  0%] Built target actionlib_generate_messages_py
[  0%] Built target tf2_msgs_generate_messages_nodejs
[  0%] Built target tf_generate_messages_lisp
[  0%] Built target std_msgs_generate_messages_eus
[  0%] Built target pigain_generate_messages_cpp
[  0%] Built target pigain_generate_messages_lisp
[  0%] Built target pigain_generate_messages_py
[  0%] Built target visualization_msgs_generate_messages_py
[  0%] Built target dynamic_reconfigure_generate_messages_eus
[  0%] Built target dynamic_reconfigure_generate_messages_lisp
[  0%] Built target tf2_msgs_generate_messages_lisp
[  0%] Built target dynamic_reconfigure_generate_messages_py
[  0%] Built target dynamic_reconfigure_gencfg
[  0%] Built target pigain_generate_messages_eus
[ 18%] Built target aeplanner_generate_messages_py
[ 34%] Built target aeplanner_generate_messages_cpp
[ 50%] Built target aeplanner_generate_messages_lisp
[ 65%] Built target aeplanner_generate_messages_nodejs
[ 82%] Built target aeplanner_generate_messages_eus
[35m[1mScanning dependencies of target aeplanner[0m
[35m[1mScanning dependencies of target aeplanner_node[0m
[ 82%] Built target aeplanner_generate_messages
[ 84%] [32mBuilding CXX object CMakeFiles/aeplanner.dir/src/aeplanner.cpp.o[0m
[ 86%] [32mBuilding CXX object CMakeFiles/aeplanner_node.dir/src/aeplanner.cpp.o[0m
[01m[K/home/idris/catkin_ws/src/aeplanner/aeplanner/src/aeplanner.cpp:[m[K In member function ‘[01m[KEigen::Vector4d aeplanner::AEPlanner::sampleNewPoint()[m[K’:
[01m[K/home/idris/catkin_ws/src/aeplanner/aeplanner/src/aeplanner.cpp:255:7:[m[K [01;31m[Kerror: [m[K‘[01m[Kcout[m[K’ was not declared in this scope
       [01;31m[Kcout[m[K << "wifi aware disabled"<< wifi_sig;
       [01;31m[K^~~~[m[K
[01m[K/home/idris/catkin_ws/src/aeplanner/aeplanner/src/aeplanner.cpp:255:7:[m[K [01;36m[Knote: [m[Ksuggested alternative:
In file included from [01m[K/opt/ros/melodic/include/ros/time.h:54:0[m[K,
                 from [01m[K/opt/ros/melodic/include/ros/ros.h:38[m[K,
                 from [01m[K/home/idris/catkin_ws/src/aeplanner/aeplanner/include/aeplanner/aeplanner.h:4[m[K,
                 from [01m[K/home/idris/catkin_ws/src/aeplanner/aeplanner/src/aeplanner.cpp:1[m[K:
[01m[K/usr/include/c++/7/iostream:61:18:[m[K [01;36m[Knote: [m[K  ‘[01m[Kstd::cout[m[K’
   extern ostream [01;36m[Kcout[m[K;  /// Linked to standard output
                  [01;36m[K^~~~[m[K
[01m[K/home/idris/catkin_ws/src/aeplanner/aeplanner/src/aeplanner.cpp:[m[K In member function ‘[01m[KEigen::Vector4d aeplanner::AEPlanner::sampleNewPoint()[m[K’:
[01m[K/home/idris/catkin_ws/src/aeplanner/aeplanner/src/aeplanner.cpp:255:7:[m[K [01;31m[Kerror: [m[K‘[01m[Kcout[m[K’ was not declared in this scope
       [01;31m[Kcout[m[K << "wifi aware disabled"<< wifi_sig;
       [01;31m[K^~~~[m[K
[01m[K/home/idris/catkin_ws/src/aeplanner/aeplanner/src/aeplanner.cpp:255:7:[m[K [01;36m[Knote: [m[Ksuggested alternative:
In file included from [01m[K/opt/ros/melodic/include/ros/time.h:54:0[m[K,
                 from [01m[K/opt/ros/melodic/include/ros/ros.h:38[m[K,
                 from [01m[K/home/idris/catkin_ws/src/aeplanner/aeplanner/include/aeplanner/aeplanner.h:4[m[K,
                 from [01m[K/home/idris/catkin_ws/src/aeplanner/aeplanner/src/aeplanner.cpp:1[m[K:
[01m[K/usr/include/c++/7/iostream:61:18:[m[K [01;36m[Knote: [m[K  ‘[01m[Kstd::cout[m[K’
   extern ostream [01;36m[Kcout[m[K;  /// Linked to standard output
                  [01;36m[K^~~~[m[K
CMakeFiles/aeplanner_node.dir/build.make:86: recipe for target 'CMakeFiles/aeplanner_node.dir/src/aeplanner.cpp.o' failed
make[2]: *** [CMakeFiles/aeplanner_node.dir/src/aeplanner.cpp.o] Error 1
CMakeFiles/Makefile2:1986: recipe for target 'CMakeFiles/aeplanner_node.dir/all' failed
make[1]: *** [CMakeFiles/aeplanner_node.dir/all] Error 2
make[1]: *** Waiting for unfinished jobs....
CMakeFiles/aeplanner.dir/build.make:86: recipe for target 'CMakeFiles/aeplanner.dir/src/aeplanner.cpp.o' failed
make[2]: *** [CMakeFiles/aeplanner.dir/src/aeplanner.cpp.o] Error 1
CMakeFiles/Makefile2:132: recipe for target 'CMakeFiles/aeplanner.dir/all' failed
make[1]: *** [CMakeFiles/aeplanner.dir/all] Error 2
Makefile:140: recipe for target 'all' failed
make: *** [all] Error 2
