Determining if the pthread_create exist failed with the following output:
Change Dir: /home/idris/catkin_ws/build/aeplanner/CMakeFiles/CMakeTmp

Run Build Command:"/usr/bin/make" "cmTC_3475a/fast"
/usr/bin/make -f CMakeFiles/cmTC_3475a.dir/build.make CMakeFiles/cmTC_3475a.dir/build
make[1]: Entering directory '/home/idris/catkin_ws/build/aeplanner/CMakeFiles/CMakeTmp'
Building C object CMakeFiles/cmTC_3475a.dir/CheckSymbolExists.c.o
/usr/bin/cc    -o CMakeFiles/cmTC_3475a.dir/CheckSymbolExists.c.o   -c /home/idris/catkin_ws/build/aeplanner/CMakeFiles/CMakeTmp/CheckSymbolExists.c
Linking C executable cmTC_3475a
/usr/bin/cmake -E cmake_link_script CMakeFiles/cmTC_3475a.dir/link.txt --verbose=1
/usr/bin/cc      -rdynamic CMakeFiles/cmTC_3475a.dir/CheckSymbolExists.c.o  -o cmTC_3475a 
CMakeFiles/cmTC_3475a.dir/CheckSymbolExists.c.o: In function `main':
CheckSymbolExists.c:(.text+0x1b): undefined reference to `pthread_create'
collect2: error: ld returned 1 exit status
CMakeFiles/cmTC_3475a.dir/build.make:97: recipe for target 'cmTC_3475a' failed
make[1]: *** [cmTC_3475a] Error 1
make[1]: Leaving directory '/home/idris/catkin_ws/build/aeplanner/CMakeFiles/CMakeTmp'
Makefile:126: recipe for target 'cmTC_3475a/fast' failed
make: *** [cmTC_3475a/fast] Error 2

File /home/idris/catkin_ws/build/aeplanner/CMakeFiles/CMakeTmp/CheckSymbolExists.c:
/* */
#include <pthread.h>

int main(int argc, char** argv)
{
  (void)argv;
#ifndef pthread_create
  return ((int*)(&pthread_create))[argc];
#else
  (void)argc;
  return 0;
#endif
}

Determining if the function pthread_create exists in the pthreads failed with the following output:
Change Dir: /home/idris/catkin_ws/build/aeplanner/CMakeFiles/CMakeTmp

Run Build Command:"/usr/bin/make" "cmTC_1a25b/fast"
/usr/bin/make -f CMakeFiles/cmTC_1a25b.dir/build.make CMakeFiles/cmTC_1a25b.dir/build
make[1]: Entering directory '/home/idris/catkin_ws/build/aeplanner/CMakeFiles/CMakeTmp'
Building C object CMakeFiles/cmTC_1a25b.dir/CheckFunctionExists.c.o
/usr/bin/cc   -DCHECK_FUNCTION_EXISTS=pthread_create   -o CMakeFiles/cmTC_1a25b.dir/CheckFunctionExists.c.o   -c /usr/share/cmake-3.10/Modules/CheckFunctionExists.c
Linking C executable cmTC_1a25b
/usr/bin/cmake -E cmake_link_script CMakeFiles/cmTC_1a25b.dir/link.txt --verbose=1
/usr/bin/cc  -DCHECK_FUNCTION_EXISTS=pthread_create    -rdynamic CMakeFiles/cmTC_1a25b.dir/CheckFunctionExists.c.o  -o cmTC_1a25b -lpthreads 
/usr/bin/ld: cannot find -lpthreads
collect2: error: ld returned 1 exit status
CMakeFiles/cmTC_1a25b.dir/build.make:97: recipe for target 'cmTC_1a25b' failed
make[1]: *** [cmTC_1a25b] Error 1
make[1]: Leaving directory '/home/idris/catkin_ws/build/aeplanner/CMakeFiles/CMakeTmp'
Makefile:126: recipe for target 'cmTC_1a25b/fast' failed
make: *** [cmTC_1a25b/fast] Error 2


