[  0%] Built target uorb_headers
[  2%] Built target df_driver_framework
[  2%] Built target mixer_gen
[  2%] Built target mixer_gen_6dof
[  3%] Built target rc
[  3%] [34m[1mGenerating git version header[0m
[  3%] Built target git_gps_devices
[  3%] Built target git_ecl
[  4%] Built target git_driverframework
[  4%] Built target git_mavlink_v2
[  4%] Built target tinybson
[  4%] Built target perf
[  7%] Built target work_queue
[ 22%] Built target uorb_msgs
[ 22%] Built target ecl_airdata
[ 22%] Built target ver_gen
[ 23%] Built target ecl_attitude_fw
[ 23%] Built target ecl_geo
[ 23%] Built target ecl_geo_lookup
[ 23%] Built target ecl_tecs
[ 23%] Built target ecl_validation
[ 25%] Built target mixer
[ 25%] Built target version
[ 25%] Built target generate_topic_listener
[ 25%] Built target parameters
[ 26%] Built target ecl_l1
[ 26%] Built target FlightTask
[ 26%] Built target landing_slope
[ 26%] Built target pid
[ 26%] Built target pwm_limit
[ 27%] Built target terrain_estimation
[ 28%] Built target tunes
[ 28%] Built target WeatherVane
[ 29%] Built target platforms__common
[ 30%] Built target systemlib
[ 30%] Built target DriverFramework__framework
[ 31%] Built target cdev
[ 31%] Built target drivers__linux_gpio
[ 31%] Built target drivers_board
[ 31%] Built target runway_takeoff
[ 32%] Built target launchdetection
[ 33%] Built target px4_daemon
[ 34%] Built target airspeed
[ 34%] Built target battery
[ 34%] Built target circuit_breaker
[ 35%] Built target conversion
[ 36%] Built target controllib
[ 36%] Built target FlightTaskUtility
[ 37%] Built target mathlib
[ 37%] Built target FlightTaskAuto
[ 37%] Built target FlightTaskManual
[ 38%] Built target FlightTaskOffboard
[ 39%] Built target FlightTaskFailsafe
[ 40%] Built target drivers__device
[ 41%] Built target px4_layer
[ 41%] Built target FlightTaskAutoMapper
[ 43%] Built target ecl_EKF
[ 44%] Built target FlightTaskAutoFollowMe
[ 45%] Built target modules__uORB
[ 45%] Built target FlightTaskManualStabilized
[ 46%] Built target drivers__ll40ls
[ 46%] Built target drivers__mb12xx
[ 46%] Built target drivers__sf0x
[ 47%] Built target drivers__sf1xx
[ 47%] Built target drivers__srf02
[ 47%] Built target drivers__teraranger
[ 48%] Built target drivers__tfmini
[ 48%] Built target drivers__leddar_one
[ 48%] Built target drivers__ulanding
[ 48%] Built target drivers__vl53lxx
[ 48%] Built target drivers__pga460
[ 50%] Built target drivers__batt_smbus
[ 50%] Built target drivers__camera_trigger
[ 51%] Built target drivers__gps
[ 51%] Built target drivers__pwm_out_sim
[ 51%] Built target modules__sensors
[ 51%] Built target platforms__posix__drivers__tonealrmsim
[ 53%] Built target drivers__vmount
[ 53%] Built target systemcmds__esc_calib
[ 53%] Built target systemcmds__mixer
[ 53%] Built target systemcmds__motor_ramp
[ 54%] Built target systemcmds__led_control
[ 54%] Built target systemcmds__param
[ 54%] Built target systemcmds__pwm
[ 55%] Built target systemcmds__perf
[ 55%] Built target systemcmds__reboot
[ 55%] Built target systemcmds__shutdown
[ 56%] Built target systemcmds__sd_bench
[ 56%] Built target systemcmds__topic_listener
[ 56%] Built target systemcmds__top
[ 57%] Built target systemcmds__tune_control
[ 57%] Built target drivers__sf0x__sf0x_tests
[ 58%] Built target lib__rc__rc_tests
[ 58%] Built target systemcmds__ver
[ 58%] Built target modules__commander__commander_tests
[ 58%] Built target lib__controllib__controllib_test
[ 59%] Built target modules__uORB__uORB_tests
[ 60%] Built target modules__mavlink__mavlink_tests
[ 61%] Built target platforms__posix__tests__hello
[ 67%] Built target systemcmds__tests
[ 68%] Built target platforms__posix__tests__hrt_test
[ 68%] Built target platforms__posix__tests__vcdev_test
[ 68%] Built target modules__camera_feedback
[ 69%] Built target modules__events
[ 72%] Built target modules__commander
[ 72%] Built target modules__load_mon
[ 73%] Built target modules__land_detector
[ 75%] Built target modules__replay
[ 77%] Built target modules__navigator
[ 78%] Built target modules__attitude_estimator_q
[ 78%] Built target modules__ekf2
[ 80%] Built target modules__mavlink
[ 80%] Built target modules__position_estimator_inav
[ 82%] Built target modules__local_position_estimator
[ 83%] Built target modules__wind_estimator
[ 84%] Built target modules__fw_att_control
[ 84%] Built target modules__fw_pos_control_l1
[ 84%] Built target modules__gnd_att_control
[ 84%] Built target modules__gnd_pos_control
[ 84%] Built target modules__mc_att_control
[ 84%] Built target modules__vtol_att_control
[ 85%] Built target modules__logger
[ 86%] Built target modules__dataman
[ 87%] Built target modules__landing_target_estimator
[ 87%] Built target examples__rover_steering_control
[ 87%] Built target examples__uuv_example_app
[ 87%] Built target modules__bottle_drop
[ 88%] Built target examples__segway
[ 88%] Built target examples__px4_simple_app
[ 89%] Built target examples__fixedwing_control
[ 89%] Built target templates__module
[ 89%] Built target examples__px4_mavlink_debug
[ 89%] Built target drivers__led
[ 89%] Built target FlightTaskManualAltitude
[ 89%] Built target drivers__airspeed
[ 89%] Built target FlightTaskAutoLine
[ 90%] Built target drivers__ledsim
[ 90%] Built target drivers__ets_airspeed
[ 90%] Built target drivers__ms4525_airspeed
[ 91%] Built target drivers__ms5525_airspeed
[ 92%] Built target drivers__sdp3x_airspeed
[ 92%] Built target FlightTaskManualAltitudeSmooth
[ 93%] Built target FlightTaskManualPosition
[ 94%] Built target modules__simulator
[ 94%] Built target FlightTaskOrbit
[ 94%] Built target FlightTaskManualPositionSmooth
[ 94%] Built target drivers__accelsim
[ 95%] Built target drivers__airspeedsim
[ 95%] Built target drivers__barosim
[ 96%] Built target drivers__gpssim
[ 96%] Built target drivers__gyrosim
[ 97%] Built target FlightTasks
[ 98%] Built target modules__mc_pos_control
[100%] Built target px4
