[  0%] Built target uorb_headers
[  2%] Built target df_driver_framework
[  2%] Built target perf
[  5%] Built target work_queue
[  5%] Built target ecl_airdata
[  6%] Built target ecl_attitude_fw
[  6%] Built target ecl_geo
[  6%] Built target ecl_geo_lookup
[  7%] Built target ecl_l1
[  7%] Built target ecl_tecs
[  7%] Built target ecl_validation
[  7%] Built target mixer_gen
[  7%] Built target mixer_gen_6dof
[  8%] Built target rc
[  8%] [34m[1mGenerating git version header[0m
[  8%] Built target git_gps_devices
[  8%] Built target git_ecl
[  9%] Built target git_driverframework
[  9%] Built target ver_gen
[  9%] Built target git_mavlink_v2
[  9%] Built target tinybson
[ 10%] Built target mixer
[ 10%] Built target version
[ 26%] Built target uorb_msgs
[ 26%] Built target generate_topic_listener
[ 26%] Built target parameters
[ 26%] Built target DriverFramework__framework
[ 26%] Built target drivers__linux_gpio
[ 27%] Built target cdev
[ 27%] Built target drivers_board
[ 28%] Built target launchdetection
[ 28%] Built target runway_takeoff
[ 29%] Built target px4_daemon
[ 30%] Built target airspeed
[ 30%] Built target battery
[ 30%] Built target circuit_breaker
[ 31%] Built target controllib
[ 32%] Built target conversion
[ 33%] Built target mathlib
[ 33%] Built target landing_slope
[ 33%] Built target FlightTask
[ 33%] Built target pid
[ 33%] Built target pwm_limit
[ 34%] Built target terrain_estimation
[ 35%] Built target tunes
[ 35%] Built target WeatherVane
[ 36%] Built target platforms__common
[ 37%] Built target drivers__device
[ 38%] Built target systemlib
[ 39%] Built target px4_layer
[ 39%] Built target drivers__airspeed
[ 41%] Built target ecl_EKF
[ 41%] Built target FlightTaskUtility
[ 41%] Built target FlightTaskManual
[ 41%] Built target FlightTaskAuto
[ 42%] Built target FlightTaskFailsafe
[ 43%] Built target FlightTaskOffboard
[ 44%] Built target modules__uORB
[ 44%] Built target drivers__ms4525_airspeed
[ 44%] Built target drivers__ets_airspeed
[ 45%] Built target drivers__ms5525_airspeed
[ 46%] Built target drivers__ll40ls
[ 47%] Built target drivers__sdp3x_airspeed
[ 47%] Built target drivers__mb12xx
[ 47%] Built target drivers__sf0x
[ 47%] Built target drivers__srf02
[ 48%] Built target drivers__sf1xx
[ 48%] Built target drivers__teraranger
[ 50%] Built target drivers__tfmini
[ 50%] Built target drivers__ulanding
[ 50%] Built target drivers__leddar_one
[ 50%] Built target drivers__vl53lxx
[ 50%] Built target drivers__pga460
[ 51%] Built target drivers__batt_smbus
[ 51%] Built target drivers__camera_trigger
[ 52%] Built target drivers__gps
[ 52%] Built target drivers__pwm_out_sim
[ 54%] Built target drivers__vmount
[ 54%] Built target modules__sensors
[ 54%] Built target platforms__posix__drivers__tonealrmsim
[ 54%] Built target systemcmds__esc_calib
[ 55%] Built target systemcmds__led_control
[ 55%] Built target systemcmds__mixer
[ 55%] Built target systemcmds__motor_ramp
[ 55%] Built target systemcmds__param
[ 56%] Built target systemcmds__perf
[ 56%] Built target systemcmds__pwm
[ 56%] Built target systemcmds__reboot
[ 57%] Built target systemcmds__sd_bench
[ 57%] Built target systemcmds__shutdown
[ 57%] Built target systemcmds__top
[ 57%] Built target systemcmds__topic_listener
[ 58%] Built target systemcmds__tune_control
[ 58%] Built target systemcmds__ver
[ 58%] Built target drivers__sf0x__sf0x_tests
[ 59%] Built target lib__rc__rc_tests
[ 59%] Built target modules__commander__commander_tests
[ 59%] Built target lib__controllib__controllib_test
[ 60%] Built target modules__mavlink__mavlink_tests
[ 61%] Built target modules__uORB__uORB_tests
[ 62%] Built target platforms__posix__tests__hello
[ 68%] Built target systemcmds__tests
[ 68%] Built target platforms__posix__tests__vcdev_test
[ 69%] Built target platforms__posix__tests__hrt_test
[ 69%] Built target modules__camera_feedback
[ 72%] Built target modules__commander
[ 73%] Built target modules__events
[ 73%] Built target modules__load_mon
[ 75%] Built target modules__land_detector
[ 76%] Built target modules__replay
[ 77%] Built target modules__attitude_estimator_q
[ 78%] Built target modules__ekf2
[ 79%] Built target modules__navigator
[ 81%] Built target modules__local_position_estimator
[ 83%] Built target modules__mavlink
[ 84%] Built target modules__wind_estimator
[ 84%] Built target modules__position_estimator_inav
[ 84%] Built target modules__fw_pos_control_l1
[ 84%] Built target modules__gnd_pos_control
[ 84%] Built target modules__gnd_att_control
[ 85%] Built target modules__fw_att_control
[ 85%] Built target modules__mc_att_control
[ 85%] Built target modules__vtol_att_control
[ 86%] Built target modules__dataman
[ 87%] Built target modules__logger
[ 87%] Built target modules__bottle_drop
[ 88%] Built target modules__landing_target_estimator
[ 88%] Built target examples__rover_steering_control
[ 88%] Built target examples__uuv_example_app
[ 88%] Built target examples__px4_mavlink_debug
[ 88%] Built target examples__px4_simple_app
[ 89%] Built target examples__segway
[ 90%] Built target examples__fixedwing_control
[ 90%] Built target templates__module
[ 90%] Built target FlightTaskAutoMapper
[ 90%] Built target drivers__led
[ 90%] Built target FlightTaskManualStabilized
[ 91%] Built target FlightTaskAutoFollowMe
[ 91%] Built target FlightTaskAutoLine
[ 92%] Built target drivers__ledsim
[ 92%] Built target FlightTaskManualAltitude
[ 92%] Built target FlightTaskManualAltitudeSmooth
[ 93%] Built target modules__simulator
[ 94%] Built target FlightTaskManualPosition
[ 94%] Built target FlightTaskOrbit
[ 94%] Built target drivers__accelsim
[ 95%] Built target drivers__airspeedsim
[ 95%] Built target drivers__barosim
[ 96%] Built target drivers__gpssim
[ 96%] Built target drivers__gyrosim
[ 96%] Built target FlightTaskManualPositionSmooth
[ 97%] Built target FlightTasks
[ 98%] Built target modules__mc_pos_control
[100%] Built target px4
