[  0%] Built target uorb_headers
[  2%] Built target df_driver_framework
[  2%] Built target perf
[  5%] Built target work_queue
[  5%] Built target ecl_airdata
[  6%] Built target ecl_attitude_fw
[  6%] Built target ecl_geo
[  6%] Built target ecl_geo_lookup
[  6%] Built target ecl_tecs
[  6%] Built target ecl_validation
[  6%] Built target mixer_gen
[  6%] Built target mixer_gen_6dof
[  7%] Built target rc
[  7%] [34m[1mGenerating git version header[0m
[  7%] Built target git_gps_devices
[  7%] Built target git_ecl
[  8%] Built target git_driverframework
[  8%] Built target git_mavlink_v2
[  8%] Built target ver_gen
[  8%] Built target tinybson
[ 23%] Built target uorb_msgs
[ 23%] Built target parameters
[ 25%] Built target ecl_l1
[ 25%] Built target FlightTask
[ 25%] Built target landing_slope
[ 26%] Built target mixer
[ 26%] Built target pid
[ 26%] Built target pwm_limit
[ 27%] Built target terrain_estimation
[ 28%] Built target tunes
[ 28%] Built target version
[ 28%] Built target WeatherVane
[ 29%] Built target platforms__common
[ 30%] Built target systemlib
[ 30%] Built target generate_topic_listener
[ 30%] Built target DriverFramework__framework
[ 30%] Built target drivers__linux_gpio
[ 31%] Built target cdev
[ 31%] Built target drivers_board
[ 32%] Built target launchdetection
[ 32%] Built target runway_takeoff
[ 33%] Built target px4_daemon
[ 34%] Built target airspeed
[ 34%] Built target battery
[ 34%] Built target circuit_breaker
[ 35%] Built target controllib
[ 36%] Built target conversion
[ 37%] Built target mathlib
[ 37%] Built target FlightTaskUtility
[ 37%] Built target FlightTaskManual
[ 37%] Built target FlightTaskAuto
[ 37%] Built target FlightTaskManualStabilized
[ 38%] Built target FlightTaskOffboard
[ 39%] Built target FlightTaskFailsafe
[ 40%] Built target drivers__device
[ 41%] Built target px4_layer
[ 41%] Built target drivers__airspeed
[ 43%] Built target ecl_EKF
[ 43%] Built target FlightTaskAutoMapper
[ 43%] Built target FlightTaskManualAltitude
[ 44%] Built target FlightTaskAutoFollowMe
[ 45%] Built target modules__uORB
[ 45%] Built target drivers__ets_airspeed
[ 45%] Built target drivers__ms4525_airspeed
[ 46%] Built target drivers__sdp3x_airspeed
[ 47%] Built target drivers__ms5525_airspeed
[ 48%] Built target drivers__ll40ls
[ 48%] Built target drivers__mb12xx
[ 48%] Built target drivers__sf0x
[ 50%] Built target drivers__sf1xx
[ 50%] Built target drivers__srf02
[ 50%] Built target drivers__teraranger
[ 51%] Built target drivers__tfmini
[ 51%] Built target drivers__ulanding
[ 51%] Built target drivers__leddar_one
[ 51%] Built target drivers__vl53lxx
[ 51%] Built target drivers__pga460
[ 52%] Built target drivers__batt_smbus
[ 52%] Built target drivers__camera_trigger
[ 53%] Built target drivers__gps
[ 53%] Built target drivers__pwm_out_sim
[ 55%] Built target drivers__vmount
[ 55%] Built target modules__sensors
[ 55%] Built target platforms__posix__drivers__tonealrmsim
[ 55%] Built target systemcmds__esc_calib
[ 56%] Built target systemcmds__mixer
[ 56%] Built target systemcmds__led_control
[ 56%] Built target systemcmds__motor_ramp
[ 56%] Built target systemcmds__param
[ 57%] Built target systemcmds__perf
[ 57%] Built target systemcmds__pwm
[ 57%] Built target systemcmds__reboot
[ 57%] Built target systemcmds__shutdown
[ 58%] Built target systemcmds__sd_bench
[ 58%] Built target systemcmds__top
[ 59%] Built target systemcmds__tune_control
[ 59%] Built target systemcmds__topic_listener
[ 59%] Built target systemcmds__ver
[ 59%] Built target drivers__sf0x__sf0x_tests
[ 60%] Built target lib__rc__rc_tests
[ 60%] Built target modules__commander__commander_tests
[ 60%] Built target lib__controllib__controllib_test
[ 61%] Built target modules__mavlink__mavlink_tests
[ 62%] Built target modules__uORB__uORB_tests
[ 63%] Built target platforms__posix__tests__hello
[ 69%] Built target systemcmds__tests
[ 70%] Built target platforms__posix__tests__hrt_test
[ 70%] Built target platforms__posix__tests__vcdev_test
[ 70%] Built target modules__camera_feedback
[ 73%] Built target modules__commander
[ 75%] Built target modules__events
[ 76%] Built target modules__land_detector
[ 76%] Built target modules__load_mon
[ 78%] Built target modules__navigator
[ 80%] Built target modules__mavlink
[ 81%] Built target modules__replay
[ 82%] Built target modules__attitude_estimator_q
[ 82%] Built target modules__ekf2
[ 82%] Built target modules__position_estimator_inav
[ 84%] Built target modules__local_position_estimator
[ 85%] Built target modules__wind_estimator
[ 86%] Built target modules__fw_att_control
[ 86%] Built target modules__fw_pos_control_l1
[ 86%] Built target modules__gnd_att_control
[ 86%] Built target modules__gnd_pos_control
[ 86%] Built target modules__mc_att_control
[ 86%] Built target modules__vtol_att_control
[ 87%] Built target modules__logger
[ 88%] Built target modules__dataman
[ 89%] Built target modules__landing_target_estimator
[ 89%] Built target modules__bottle_drop
[ 89%] Built target examples__rover_steering_control
[ 89%] Built target examples__uuv_example_app
[ 90%] Built target examples__segway
[ 90%] Built target examples__px4_simple_app
[ 90%] Built target examples__px4_mavlink_debug
[ 91%] Built target examples__fixedwing_control
[ 91%] Built target templates__module
[ 91%] Built target drivers__led
[ 91%] Built target FlightTaskManualAltitudeSmooth
[ 92%] Built target FlightTaskManualPosition
[ 92%] Built target FlightTaskAutoLine
[ 92%] Built target FlightTaskOrbit
[ 93%] Built target drivers__ledsim
[ 93%] Built target FlightTaskManualPositionSmooth
[ 94%] Built target modules__simulator
[ 95%] Built target FlightTasks
[ 95%] Built target drivers__accelsim
[ 96%] Built target drivers__airspeedsim
[ 96%] Built target drivers__barosim
[ 97%] Built target drivers__gpssim
[ 97%] Built target drivers__gyrosim
[ 98%] Built target modules__mc_pos_control
[100%] Built target px4
