Symlinking /home/idris/catkin_ws/devel/lib/libdrivers__ll40ls.a
Symlinking /home/idris/catkin_ws/devel/lib/libexamples__segway.a
Symlinking /home/idris/catkin_ws/devel/lib/libecl_geo.a
Symlinking /home/idris/catkin_ws/devel/lib/libsystemcmds__ver.a
Symlinking /home/idris/catkin_ws/devel/lib/libdrivers__leddar_one.a
Symlinking /home/idris/catkin_ws/devel/lib/liblib__rc__rc_tests.a
Symlinking /home/idris/catkin_ws/devel/lib/libsystemcmds__topic_listener.a
Symlinking /home/idris/catkin_ws/devel/lib/libmodules__gnd_att_control.a
Symlinking /home/idris/catkin_ws/devel/lib/libdrivers__mb12xx.a
Symlinking /home/idris/catkin_ws/devel/lib/libFlightTaskOffboard.a
Symlinking /home/idris/catkin_ws/devel/lib/libmodules__dataman.a
Symlinking /home/idris/catkin_ws/devel/lib/libdrivers__ledsim.a
Symlinking /home/idris/catkin_ws/devel/lib/libFlightTaskUtility.a
Symlinking /home/idris/catkin_ws/devel/lib/libplatforms__posix__tests__vcdev_test.a
Symlinking /home/idris/catkin_ws/devel/lib/libexamples__rover_steering_control.a
Symlinking /home/idris/catkin_ws/devel/lib/libsystemcmds__top.a
Symlinking /home/idris/catkin_ws/devel/lib/libdrivers__ms4525_airspeed.a
Symlinking /home/idris/catkin_ws/devel/lib/libmodules__gnd_pos_control.a
Symlinking /home/idris/catkin_ws/devel/lib/libecl_geo_lookup.a
Symlinking /home/idris/catkin_ws/devel/lib/libexamples__uuv_example_app.a
Symlinking /home/idris/catkin_ws/devel/lib/libcdev.a
Symlinking /home/idris/catkin_ws/devel/lib/libmodules__navigator.a
Symlinking /home/idris/catkin_ws/devel/lib/liblanding_slope.a
Symlinking /home/idris/catkin_ws/devel/lib/libmodules__fw_att_control.a
Symlinking /home/idris/catkin_ws/devel/lib/libdrivers__airspeed.a
Symlinking /home/idris/catkin_ws/devel/lib/libsystemcmds__motor_ramp.a
Symlinking /home/idris/catkin_ws/devel/lib/libdrivers__linux_gpio.a
Symlinking /home/idris/catkin_ws/devel/lib/libmodules__bottle_drop.a
Symlinking /home/idris/catkin_ws/devel/lib/libsystemcmds__tune_control.a
Symlinking /home/idris/catkin_ws/devel/lib/libFlightTaskAutoFollowMe.a
Symlinking /home/idris/catkin_ws/devel/lib/libecl_airdata.a
Symlinking /home/idris/catkin_ws/devel/lib/libtemplates__module.a
Symlinking /home/idris/catkin_ws/devel/lib/libFlightTask.a
Symlinking /home/idris/catkin_ws/devel/lib/libFlightTaskAutoMapper.a
Symlinking /home/idris/catkin_ws/devel/lib/libcontrollib.a
Symlinking /home/idris/catkin_ws/devel/lib/libmodules__mavlink__mavlink_tests.a
Symlinking /home/idris/catkin_ws/devel/lib/libmodules__replay.a
Symlinking /home/idris/catkin_ws/devel/lib/libsystemcmds__led_control.a
Symlinking /home/idris/catkin_ws/devel/lib/librunway_takeoff.a
Symlinking /home/idris/catkin_ws/devel/lib/libsystemcmds__param.a
Symlinking /home/idris/catkin_ws/devel/lib/libFlightTaskManual.a
Symlinking /home/idris/catkin_ws/devel/lib/libbattery.a
Symlinking /home/idris/catkin_ws/devel/lib/libperf.a
Symlinking /home/idris/catkin_ws/devel/lib/libmodules__vtol_att_control.a
Symlinking /home/idris/catkin_ws/devel/lib/libdrivers__pga460.a
Symlinking /home/idris/catkin_ws/devel/lib/libdrivers_board.a
Symlinking /home/idris/catkin_ws/devel/lib/libFlightTaskAutoLine.a
Symlinking /home/idris/catkin_ws/devel/lib/libdrivers__pwm_out_sim.a
Symlinking /home/idris/catkin_ws/devel/lib/liblaunchdetection.a
Symlinking /home/idris/catkin_ws/devel/lib/libecl_tecs.a
Symlinking /home/idris/catkin_ws/devel/lib/libdrivers__ms5525_airspeed.a
Symlinking /home/idris/catkin_ws/devel/lib/libdrivers__ulanding.a
Symlinking /home/idris/catkin_ws/devel/lib/libmodules__events.a
Symlinking /home/idris/catkin_ws/devel/lib/libdrivers__srf02.a
Symlinking /home/idris/catkin_ws/devel/lib/libpwm_limit.a
Symlinking /home/idris/catkin_ws/devel/lib/libmodules__wind_estimator.a
Symlinking /home/idris/catkin_ws/devel/lib/libmathlib.a
Symlinking /home/idris/catkin_ws/devel/lib/libdf_driver_framework.a
Symlinking /home/idris/catkin_ws/devel/lib/libwork_queue.a
Symlinking /home/idris/catkin_ws/devel/lib/libcircuit_breaker.a
Symlinking /home/idris/catkin_ws/devel/lib/libFlightTaskAuto.a
Symlinking /home/idris/catkin_ws/devel/lib/libsystemcmds__tests.a
Symlinking /home/idris/catkin_ws/devel/lib/libdrivers__gpssim.a
Symlinking /home/idris/catkin_ws/devel/lib/libpx4_layer.a
Symlinking /home/idris/catkin_ws/devel/lib/libplatforms__posix__drivers__tonealrmsim.a
Symlinking /home/idris/catkin_ws/devel/lib/libdrivers__vmount.a
Symlinking /home/idris/catkin_ws/devel/lib/libplatforms__posix__tests__hello.a
Symlinking /home/idris/catkin_ws/devel/lib/libmodules__ekf2.a
Symlinking /home/idris/catkin_ws/devel/lib/libsystemcmds__pwm.a
Symlinking /home/idris/catkin_ws/devel/lib/libversion.a
Symlinking /home/idris/catkin_ws/devel/lib/libexamples__px4_simple_app.a
Symlinking /home/idris/catkin_ws/devel/lib/libdrivers__led.a
Symlinking /home/idris/catkin_ws/devel/lib/libplatforms__common.a
Symlinking /home/idris/catkin_ws/devel/lib/libtinybson.a
Symlinking /home/idris/catkin_ws/devel/lib/libterrain_estimation.a
Symlinking /home/idris/catkin_ws/devel/lib/libmodules__logger.a
Symlinking /home/idris/catkin_ws/devel/lib/liblib__controllib__controllib_test.a
Symlinking /home/idris/catkin_ws/devel/lib/libecl_attitude_fw.a
Symlinking /home/idris/catkin_ws/devel/lib/libdrivers__ets_airspeed.a
Symlinking /home/idris/catkin_ws/devel/lib/libdrivers__gyrosim.a
Symlinking /home/idris/catkin_ws/devel/lib/libdrivers__sdp3x_airspeed.a
Symlinking /home/idris/catkin_ws/devel/lib/libuorb_msgs.a
Symlinking /home/idris/catkin_ws/devel/lib/libdrivers__barosim.a
Symlinking /home/idris/catkin_ws/devel/lib/libsystemlib.a
Symlinking /home/idris/catkin_ws/devel/lib/libdrivers__tfmini.a
Symlinking /home/idris/catkin_ws/devel/lib/libsystemcmds__reboot.a
Symlinking /home/idris/catkin_ws/devel/lib/libsystemcmds__perf.a
Symlinking /home/idris/catkin_ws/devel/lib/libmodules__landing_target_estimator.a
Symlinking /home/idris/catkin_ws/devel/lib/libsystemcmds__shutdown.a
Symlinking /home/idris/catkin_ws/devel/lib/libconversion.a
Symlinking /home/idris/catkin_ws/devel/lib/libFlightTaskManualPosition.a
Symlinking /home/idris/catkin_ws/devel/lib/libpid.a
Symlinking /home/idris/catkin_ws/devel/lib/libFlightTaskFailsafe.a
Symlinking /home/idris/catkin_ws/devel/lib/libexamples__fixedwing_control.a
Symlinking /home/idris/catkin_ws/devel/lib/libparameters.a
Symlinking /home/idris/catkin_ws/devel/lib/libdrivers__batt_smbus.a
Symlinking /home/idris/catkin_ws/devel/lib/libmixer.a
Symlinking /home/idris/catkin_ws/devel/lib/libmodules__sensors.a
Symlinking /home/idris/catkin_ws/devel/lib/libFlightTaskManualAltitudeSmooth.a
Symlinking /home/idris/catkin_ws/devel/lib/libdrivers__airspeedsim.a
Symlinking /home/idris/catkin_ws/devel/lib/libairspeed.a
Symlinking /home/idris/catkin_ws/devel/lib/libdrivers__sf0x__sf0x_tests.a
Symlinking /home/idris/catkin_ws/devel/lib/libmodules__land_detector.a
Symlinking /home/idris/catkin_ws/devel/lib/libFlightTasks.a
Symlinking /home/idris/catkin_ws/devel/lib/libmodules__attitude_estimator_q.a
Symlinking /home/idris/catkin_ws/devel/lib/libecl_l1.a
Symlinking /home/idris/catkin_ws/devel/lib/libmodules__commander__commander_tests.a
Symlinking /home/idris/catkin_ws/devel/lib/libsystemcmds__mixer.a
Symlinking /home/idris/catkin_ws/devel/lib/libWeatherVane.a
Symlinking /home/idris/catkin_ws/devel/lib/libdrivers__sf0x.a
Symlinking /home/idris/catkin_ws/devel/lib/libdrivers__device.a
Symlinking /home/idris/catkin_ws/devel/lib/libmodules__mavlink.a
Symlinking /home/idris/catkin_ws/devel/lib/libtunes.a
Symlinking /home/idris/catkin_ws/devel/lib/libmodules__uORB__uORB_tests.a
Symlinking /home/idris/catkin_ws/devel/lib/libexamples__px4_mavlink_debug.a
Symlinking /home/idris/catkin_ws/devel/lib/libFlightTaskManualPositionSmooth.a
Symlinking /home/idris/catkin_ws/devel/lib/libFlightTaskOrbit.a
Symlinking /home/idris/catkin_ws/devel/lib/libmodules__fw_pos_control_l1.a
Symlinking /home/idris/catkin_ws/devel/lib/libecl_validation.a
Symlinking /home/idris/catkin_ws/devel/lib/libFlightTaskManualAltitude.a
Symlinking /home/idris/catkin_ws/devel/lib/libecl_EKF.a
Symlinking /home/idris/catkin_ws/devel/lib/libmodules__commander.a
Symlinking /home/idris/catkin_ws/devel/lib/libDriverFramework__framework.a
Symlinking /home/idris/catkin_ws/devel/lib/libplatforms__posix__tests__hrt_test.a
Symlinking /home/idris/catkin_ws/devel/lib/librc.a
Symlinking /home/idris/catkin_ws/devel/lib/libmodules__uORB.a
Symlinking /home/idris/catkin_ws/devel/lib/libdrivers__gps.a
Symlinking /home/idris/catkin_ws/devel/lib/libdrivers__sf1xx.a
Symlinking /home/idris/catkin_ws/devel/lib/libdrivers__teraranger.a
Symlinking /home/idris/catkin_ws/devel/lib/libsystemcmds__esc_calib.a
Symlinking /home/idris/catkin_ws/devel/lib/libmodules__position_estimator_inav.a
Symlinking /home/idris/catkin_ws/devel/lib/libFlightTaskManualStabilized.a
Symlinking /home/idris/catkin_ws/devel/lib/libmodules__local_position_estimator.a
Symlinking /home/idris/catkin_ws/devel/lib/libmodules__simulator.a
Symlinking /home/idris/catkin_ws/devel/lib/libdrivers__vl53lxx.a
Symlinking /home/idris/catkin_ws/devel/lib/libmodules__mc_pos_control.a
Symlinking /home/idris/catkin_ws/devel/lib/libdrivers__camera_trigger.a
Symlinking /home/idris/catkin_ws/devel/lib/libsystemcmds__sd_bench.a
Symlinking /home/idris/catkin_ws/devel/lib/libmodules__load_mon.a
Symlinking /home/idris/catkin_ws/devel/lib/libmodules__camera_feedback.a
Symlinking /home/idris/catkin_ws/devel/lib/libmodules__mc_att_control.a
Symlinking /home/idris/catkin_ws/devel/lib/libpx4_daemon.a
Symlinking /home/idris/catkin_ws/devel/lib/libdrivers__accelsim.a
Symlinking /home/idris/catkin_ws/devel/lib/pkgconfig/px4.pc
Symlinking /home/idris/catkin_ws/devel/share/px4/cmake/px4Config.cmake
Symlinking /home/idris/catkin_ws/devel/share/px4/cmake/px4Config-version.cmake
