[  1%] Built target mixer_gen_6dof
[  2%] Built target df_driver_framework
[  2%] Built target uorb_headers
[  2%] Built target mixer_gen
[  3%] Built target git_driverframework
[  3%] Built target git_gps_devices
[  3%] [34m[1mGenerating git version header[0m
[  3%] Built target git_ecl
[  3%] Built target git_mavlink_v2
[  3%] Built target tinybson
[ 18%] Built target uorb_msgs
[ 18%] Built target perf
[ 21%] Built target work_queue
[ 21%] Built target ecl_airdata
[ 22%] Built target ecl_attitude_fw
[ 22%] Built target ecl_geo_lookup
[ 22%] Built target ecl_geo
[ 22%] Built target ecl_tecs
[ 22%] Built target ecl_validation
[ 23%] Built target mixer
[ 23%] Built target generate_topic_listener
[ 25%] Built target rc
[ 25%] Built target parameters
[ 26%] Built target ecl_l1
[ 26%] Built target drivers__linux_gpio
[ 26%] Built target DriverFramework__framework
[ 27%] Built target cdev
[ 27%] Built target drivers_board
[ 27%] Built target runway_takeoff
[ 28%] Built target launchdetection
[ 29%] Built target px4_daemon
[ 29%] Built target battery
[ 30%] Built target airspeed
[ 31%] Built target conversion
[ 31%] Built target circuit_breaker
[ 32%] Built target controllib
[ 33%] Built target mathlib
[ 33%] Built target FlightTask
[ 33%] Built target landing_slope
[ 33%] Built target pid
[ 33%] Built target pwm_limit
[ 34%] Built target terrain_estimation
[ 35%] Built target platforms__common
[ 36%] Built target tunes
[ 36%] Built target WeatherVane
[ 37%] Built target systemlib
[ 38%] Built target drivers__device
[ 39%] Built target px4_layer
[ 41%] Built target ecl_EKF
[ 41%] Built target FlightTaskUtility
[ 41%] Built target FlightTaskManual
[ 41%] Built target FlightTaskAuto
[ 42%] Built target FlightTaskOffboard
[ 43%] Built target FlightTaskFailsafe
[ 44%] Built target modules__uORB
[ 45%] Built target drivers__ll40ls
[ 45%] Built target drivers__mb12xx
[ 45%] Built target drivers__sf0x
[ 46%] Built target drivers__sf1xx
[ 46%] Built target drivers__srf02
[ 47%] Built target drivers__tfmini
[ 47%] Built target drivers__teraranger
[ 47%] Built target drivers__ulanding
[ 47%] Built target ver_gen
[ 47%] Built target drivers__leddar_one
[ 47%] Built target drivers__vl53lxx
[ 47%] Built target drivers__pga460
[ 48%] Built target drivers__batt_smbus
[ 50%] Built target drivers__gps
[ 50%] Built target drivers__camera_trigger
[ 50%] Built target drivers__pwm_out_sim
[ 52%] Built target drivers__vmount
[ 52%] Built target platforms__posix__drivers__tonealrmsim
[ 52%] Built target modules__sensors
[ 53%] Built target systemcmds__led_control
[ 53%] Built target systemcmds__esc_calib
[ 53%] Built target systemcmds__mixer
[ 53%] Built target systemcmds__param
[ 53%] Built target systemcmds__motor_ramp
[ 54%] Built target systemcmds__perf
[ 54%] Built target systemcmds__pwm
[ 54%] Built target systemcmds__shutdown
[ 54%] Built target systemcmds__reboot
[ 55%] Built target systemcmds__sd_bench
[ 56%] Built target systemcmds__tune_control
[ 56%] Built target systemcmds__top
[ 56%] Built target systemcmds__topic_listener
[ 56%] Built target drivers__sf0x__sf0x_tests
[ 57%] Built target lib__rc__rc_tests
[ 57%] Built target modules__commander__commander_tests
[ 57%] Built target lib__controllib__controllib_test
[ 58%] Built target modules__mavlink__mavlink_tests
[ 59%] Built target modules__uORB__uORB_tests
[ 60%] Built target platforms__posix__tests__hrt_test
[ 61%] Built target platforms__posix__tests__hello
[ 67%] Built target systemcmds__tests
[ 67%] Built target platforms__posix__tests__vcdev_test
[ 67%] Built target modules__camera_feedback
[ 70%] Built target modules__commander
[ 71%] Built target modules__events
[ 72%] Built target modules__land_detector
[ 72%] Built target modules__load_mon
[ 75%] Built target modules__navigator
[ 76%] Built target modules__replay
[ 76%] Built target modules__ekf2
[ 77%] Built target modules__attitude_estimator_q
[ 77%] Built target modules__position_estimator_inav
[ 79%] Built target modules__local_position_estimator
[ 80%] Built target modules__wind_estimator
[ 81%] Built target modules__fw_att_control
[ 81%] Built target modules__fw_pos_control_l1
[ 81%] Built target modules__gnd_att_control
[ 81%] Built target modules__gnd_pos_control
[ 81%] Built target modules__mc_att_control
[ 81%] Built target modules__vtol_att_control
[ 82%] Built target modules__dataman
[ 83%] Built target modules__landing_target_estimator
[ 83%] Built target modules__bottle_drop
[ 83%] Built target examples__rover_steering_control
[ 83%] Built target examples__uuv_example_app
[ 83%] Built target examples__px4_simple_app
[ 84%] Built target examples__segway
[ 84%] Built target examples__px4_mavlink_debug
[ 84%] Built target templates__module
[ 85%] Built target examples__fixedwing_control
[ 85%] Built target drivers__led
[ 85%] Built target drivers__airspeed
[ 85%] Built target FlightTaskAutoMapper
[ 86%] Built target FlightTaskAutoFollowMe
[ 86%] Built target FlightTaskManualStabilized
[ 86%] Built target version
[ 86%] Built target drivers__ms4525_airspeed
[ 86%] Built target drivers__ets_airspeed
[ 87%] Built target drivers__ms5525_airspeed
[ 88%] Built target drivers__sdp3x_airspeed
[ 88%] Built target systemcmds__ver
[ 89%] Built target modules__logger
[ 90%] Built target drivers__ledsim
[ 92%] Built target modules__mavlink
[ 92%] Built target FlightTaskManualAltitude
[ 92%] Built target FlightTaskAutoLine
[ 92%] Built target FlightTaskManualAltitudeSmooth
[ 94%] Built target FlightTaskManualPosition
[ 94%] Built target modules__simulator
[ 94%] Built target FlightTaskOrbit
[ 94%] Built target FlightTaskManualPositionSmooth
[ 94%] Built target drivers__accelsim
[ 95%] Built target drivers__airspeedsim
[ 95%] Built target drivers__barosim
[ 95%] Built target drivers__gyrosim
[ 96%] Built target drivers__gpssim
[ 97%] Built target FlightTasks
[ 98%] Built target modules__mc_pos_control
[100%] Built target px4
