Symlinking /home/idris/catkin_ws/devel/lib/libdd_control_nodelet.so
Symlinking /home/idris/catkin_ws/devel/lib/dd_control/dd_control_node
Symlinking /home/idris/catkin_ws/devel/lib/pkgconfig/dd_control.pc
Symlinking /home/idris/catkin_ws/devel/lib/python2.7/dist-packages/dd_control/__init__.py
Symlinking /home/idris/catkin_ws/devel/lib/python2.7/dist-packages/dd_control/msg/__init__.py
Symlinking /home/idris/catkin_ws/devel/lib/python2.7/dist-packages/dd_control/msg/_Velocity.py
Symlinking /home/idris/catkin_ws/devel/lib/python2.7/dist-packages/dd_control/cfg/__init__.py
Symlinking /home/idris/catkin_ws/devel/lib/python2.7/dist-packages/dd_control/cfg/ControlConfig.py
Symlinking /home/idris/catkin_ws/devel/share/common-lisp/ros/dd_control/msg/dd_control-msg.asd
Symlinking /home/idris/catkin_ws/devel/share/common-lisp/ros/dd_control/msg/_package.lisp
Symlinking /home/idris/catkin_ws/devel/share/common-lisp/ros/dd_control/msg/_package_Velocity.lisp
Symlinking /home/idris/catkin_ws/devel/share/common-lisp/ros/dd_control/msg/Velocity.lisp
Symlinking /home/idris/catkin_ws/devel/share/roseus/ros/dd_control/manifest.l
Symlinking /home/idris/catkin_ws/devel/share/roseus/ros/dd_control/msg/Velocity.l
Symlinking /home/idris/catkin_ws/devel/share/dd_control/docs/ControlConfig-usage.dox
Symlinking /home/idris/catkin_ws/devel/share/dd_control/docs/ControlConfig.wikidoc
Symlinking /home/idris/catkin_ws/devel/share/dd_control/docs/ControlConfig.dox
Symlinking /home/idris/catkin_ws/devel/share/dd_control/cmake/dd_control-msg-paths.cmake
Symlinking /home/idris/catkin_ws/devel/share/dd_control/cmake/dd_control-msg-extras.cmake
Symlinking /home/idris/catkin_ws/devel/share/dd_control/cmake/dd_controlConfig-version.cmake
Symlinking /home/idris/catkin_ws/devel/share/dd_control/cmake/dd_controlConfig.cmake
Symlinking /home/idris/catkin_ws/devel/share/gennodejs/ros/dd_control/_index.js
Symlinking /home/idris/catkin_ws/devel/share/gennodejs/ros/dd_control/msg/_index.js
Symlinking /home/idris/catkin_ws/devel/share/gennodejs/ros/dd_control/msg/Velocity.js
Symlinking /home/idris/catkin_ws/devel/include/dd_control/Velocity.h
Symlinking /home/idris/catkin_ws/devel/include/dd_control/ControlConfig.h
