[35m[1mScanning dependencies of target actionlib_generate_messages_py[0m
[  0%] Built target actionlib_generate_messages_py
[35m[1mScanning dependencies of target _dd_control_generate_messages_check_deps_Velocity[0m
[  0%] Built target _dd_control_generate_messages_check_deps_Velocity
[35m[1mScanning dependencies of target std_msgs_generate_messages_py[0m
[  0%] Built target std_msgs_generate_messages_py
[35m[1mScanning dependencies of target std_msgs_generate_messages_nodejs[0m
[  0%] Built target std_msgs_generate_messages_nodejs
[35m[1mScanning dependencies of target std_msgs_generate_messages_lisp[0m
[  0%] Built target std_msgs_generate_messages_lisp
[35m[1mScanning dependencies of target std_msgs_generate_messages_eus[0m
[  0%] Built target std_msgs_generate_messages_eus
[35m[1mScanning dependencies of target geographic_msgs_generate_messages_eus[0m
[  0%] Built target geographic_msgs_generate_messages_eus
[35m[1mScanning dependencies of target sensor_msgs_generate_messages_nodejs[0m
[  0%] Built target sensor_msgs_generate_messages_nodejs
[35m[1mScanning dependencies of target actionlib_generate_messages_cpp[0m
[  0%] Built target actionlib_generate_messages_cpp
[35m[1mScanning dependencies of target roscpp_generate_messages_cpp[0m
[  0%] Built target roscpp_generate_messages_cpp
[35m[1mScanning dependencies of target geographic_msgs_generate_messages_py[0m
[  0%] Built target geographic_msgs_generate_messages_py
[35m[1mScanning dependencies of target uuid_msgs_generate_messages_eus[0m
[  0%] Built target uuid_msgs_generate_messages_eus
[35m[1mScanning dependencies of target nodelet_generate_messages_eus[0m
[  0%] Built target nodelet_generate_messages_eus
[35m[1mScanning dependencies of target sensor_msgs_generate_messages_lisp[0m
[  0%] Built target sensor_msgs_generate_messages_lisp
[35m[1mScanning dependencies of target mavros_msgs_generate_messages_py[0m
[  0%] Built target mavros_msgs_generate_messages_py
[35m[1mScanning dependencies of target nodelet_generate_messages_nodejs[0m
[  0%] Built target nodelet_generate_messages_nodejs
[35m[1mScanning dependencies of target mavros_msgs_generate_messages_cpp[0m
[  0%] Built target mavros_msgs_generate_messages_cpp
[35m[1mScanning dependencies of target dd_control_gencfg[0m
[  7%] [34m[1mGenerating dynamic reconfigure files from cfg/Control.cfg: /home/idris/catkin_ws/devel/.private/dd_control/include/dd_control/ControlConfig.h /home/idris/catkin_ws/devel/.private/dd_control/lib/python2.7/dist-packages/dd_control/cfg/ControlConfig.py[0m
Generating reconfiguration files for Control in dd_control
Wrote header file in /home/idris/catkin_ws/devel/.private/dd_control/include/dd_control/ControlConfig.h
[  7%] Built target dd_control_gencfg
[35m[1mScanning dependencies of target uuid_msgs_generate_messages_lisp[0m
[  7%] Built target uuid_msgs_generate_messages_lisp
[35m[1mScanning dependencies of target geometry_msgs_generate_messages_lisp[0m
[  7%] Built target geometry_msgs_generate_messages_lisp
[35m[1mScanning dependencies of target geometry_msgs_generate_messages_eus[0m
[  7%] Built target geometry_msgs_generate_messages_eus
[35m[1mScanning dependencies of target mavros_msgs_generate_messages_eus[0m
[  7%] Built target mavros_msgs_generate_messages_eus
[35m[1mScanning dependencies of target geographic_msgs_generate_messages_nodejs[0m
[  7%] Built target geographic_msgs_generate_messages_nodejs
[35m[1mScanning dependencies of target actionlib_generate_messages_nodejs[0m
[  7%] Built target actionlib_generate_messages_nodejs
[35m[1mScanning dependencies of target geographic_msgs_generate_messages_cpp[0m
[  7%] Built target geographic_msgs_generate_messages_cpp
[35m[1mScanning dependencies of target dynamic_reconfigure_generate_messages_lisp[0m
[  7%] Built target dynamic_reconfigure_generate_messages_lisp
[35m[1mScanning dependencies of target dynamic_reconfigure_generate_messages_cpp[0m
[  7%] Built target dynamic_reconfigure_generate_messages_cpp
[35m[1mScanning dependencies of target rosgraph_msgs_generate_messages_cpp[0m
[  7%] Built target rosgraph_msgs_generate_messages_cpp
[35m[1mScanning dependencies of target mavros_msgs_generate_messages_nodejs[0m
[  7%] Built target mavros_msgs_generate_messages_nodejs
[35m[1mScanning dependencies of target dynamic_reconfigure_generate_messages_py[0m
[  7%] Built target dynamic_reconfigure_generate_messages_py
[35m[1mScanning dependencies of target std_msgs_generate_messages_cpp[0m
[  7%] Built target std_msgs_generate_messages_cpp
[35m[1mScanning dependencies of target sensor_msgs_generate_messages_py[0m
[  7%] Built target sensor_msgs_generate_messages_py
[35m[1mScanning dependencies of target nodelet_generate_messages_py[0m
[  7%] Built target nodelet_generate_messages_py
[35m[1mScanning dependencies of target dd_control_generate_messages_cpp[0m
[ 14%] [34m[1mGenerating C++ code from dd_control/Velocity.msg[0m
[ 14%] Built target dd_control_generate_messages_cpp
[35m[1mScanning dependencies of target actionlib_msgs_generate_messages_nodejs[0m
[ 14%] Built target actionlib_msgs_generate_messages_nodejs
[35m[1mScanning dependencies of target geometry_msgs_generate_messages_nodejs[0m
[ 14%] Built target geometry_msgs_generate_messages_nodejs
[35m[1mScanning dependencies of target geographic_msgs_generate_messages_lisp[0m
[ 14%] Built target geographic_msgs_generate_messages_lisp
[35m[1mScanning dependencies of target rosgraph_msgs_generate_messages_nodejs[0m
[ 14%] Built target rosgraph_msgs_generate_messages_nodejs
[35m[1mScanning dependencies of target dynamic_reconfigure_generate_messages_nodejs[0m
[ 14%] Built target dynamic_reconfigure_generate_messages_nodejs
[35m[1mScanning dependencies of target geometry_msgs_generate_messages_py[0m
[ 14%] Built target geometry_msgs_generate_messages_py
[35m[1mScanning dependencies of target sensor_msgs_generate_messages_eus[0m
[ 14%] Built target sensor_msgs_generate_messages_eus
[35m[1mScanning dependencies of target roscpp_generate_messages_nodejs[0m
[ 14%] Built target roscpp_generate_messages_nodejs
[35m[1mScanning dependencies of target sensor_msgs_generate_messages_cpp[0m
[ 14%] Built target sensor_msgs_generate_messages_cpp
[35m[1mScanning dependencies of target mavros_msgs_generate_messages_lisp[0m
[ 14%] Built target mavros_msgs_generate_messages_lisp
[35m[1mScanning dependencies of target uuid_msgs_generate_messages_py[0m
[ 14%] Built target uuid_msgs_generate_messages_py
[35m[1mScanning dependencies of target dynamic_reconfigure_generate_messages_eus[0m
[ 14%] Built target dynamic_reconfigure_generate_messages_eus
[35m[1mScanning dependencies of target bond_generate_messages_lisp[0m
[ 14%] Built target bond_generate_messages_lisp
[35m[1mScanning dependencies of target uuid_msgs_generate_messages_cpp[0m
[ 14%] Built target uuid_msgs_generate_messages_cpp
[35m[1mScanning dependencies of target uuid_msgs_generate_messages_nodejs[0m
[ 14%] Built target uuid_msgs_generate_messages_nodejs
[35m[1mScanning dependencies of target nodelet_generate_messages_cpp[0m
[ 14%] Built target nodelet_generate_messages_cpp
[35m[1mScanning dependencies of target bond_generate_messages_py[0m
[ 14%] Built target bond_generate_messages_py
[35m[1mScanning dependencies of target geometry_msgs_generate_messages_cpp[0m
[ 14%] Built target geometry_msgs_generate_messages_cpp
[35m[1mScanning dependencies of target actionlib_generate_messages_lisp[0m
[ 14%] Built target actionlib_generate_messages_lisp
[35m[1mScanning dependencies of target nodelet_generate_messages_lisp[0m
[ 14%] Built target nodelet_generate_messages_lisp
[35m[1mScanning dependencies of target bond_generate_messages_cpp[0m
[ 14%] Built target bond_generate_messages_cpp
[35m[1mScanning dependencies of target bond_generate_messages_eus[0m
[ 14%] Built target bond_generate_messages_eus
[35m[1mScanning dependencies of target roscpp_generate_messages_lisp[0m
[ 14%] Built target roscpp_generate_messages_lisp
[35m[1mScanning dependencies of target bond_generate_messages_nodejs[0m
[ 14%] Built target bond_generate_messages_nodejs
[35m[1mScanning dependencies of target roscpp_generate_messages_py[0m
[ 14%] Built target roscpp_generate_messages_py
[35m[1mScanning dependencies of target rosgraph_msgs_generate_messages_eus[0m
[ 14%] Built target rosgraph_msgs_generate_messages_eus
[35m[1mScanning dependencies of target rosgraph_msgs_generate_messages_lisp[0m
[ 14%] Built target rosgraph_msgs_generate_messages_lisp
[35m[1mScanning dependencies of target roscpp_generate_messages_eus[0m
[ 14%] Built target roscpp_generate_messages_eus
[35m[1mScanning dependencies of target actionlib_msgs_generate_messages_eus[0m
[ 14%] Built target actionlib_msgs_generate_messages_eus
[35m[1mScanning dependencies of target rosgraph_msgs_generate_messages_py[0m
[ 14%] Built target rosgraph_msgs_generate_messages_py
[35m[1mScanning dependencies of target tf2_msgs_generate_messages_cpp[0m
[ 14%] Built target tf2_msgs_generate_messages_cpp
[35m[1mScanning dependencies of target tf2_msgs_generate_messages_eus[0m
[ 14%] Built target tf2_msgs_generate_messages_eus
[35m[1mScanning dependencies of target dynamic_reconfigure_gencfg[0m
[ 14%] Built target dynamic_reconfigure_gencfg
[35m[1mScanning dependencies of target tf2_msgs_generate_messages_lisp[0m
[ 14%] Built target tf2_msgs_generate_messages_lisp
[35m[1mScanning dependencies of target tf2_msgs_generate_messages_nodejs[0m
[ 14%] Built target tf2_msgs_generate_messages_nodejs
[35m[1mScanning dependencies of target actionlib_msgs_generate_messages_cpp[0m
[ 14%] Built target actionlib_msgs_generate_messages_cpp
[35m[1mScanning dependencies of target actionlib_msgs_generate_messages_lisp[0m
[ 14%] Built target actionlib_msgs_generate_messages_lisp
[35m[1mScanning dependencies of target actionlib_msgs_generate_messages_py[0m
[ 14%] Built target actionlib_msgs_generate_messages_py
[35m[1mScanning dependencies of target actionlib_generate_messages_eus[0m
[ 14%] Built target actionlib_generate_messages_eus
[35m[1mScanning dependencies of target tf2_msgs_generate_messages_py[0m
[ 14%] Built target tf2_msgs_generate_messages_py
[35m[1mScanning dependencies of target dd_control_generate_messages_py[0m
[ 21%] [34m[1mGenerating Python from MSG dd_control/Velocity[0m
[ 28%] [34m[1mGenerating Python msg __init__.py for dd_control[0m
[ 28%] Built target dd_control_generate_messages_py
[35m[1mScanning dependencies of target dd_control_generate_messages_nodejs[0m
[ 35%] [34m[1mGenerating Javascript code from dd_control/Velocity.msg[0m
[ 35%] Built target dd_control_generate_messages_nodejs
[35m[1mScanning dependencies of target dd_control_generate_messages_lisp[0m
[ 42%] [34m[1mGenerating Lisp code from dd_control/Velocity.msg[0m
[ 42%] Built target dd_control_generate_messages_lisp
[35m[1mScanning dependencies of target dd_control_generate_messages_eus[0m
[ 50%] [34m[1mGenerating EusLisp code from dd_control/Velocity.msg[0m
[ 57%] [34m[1mGenerating EusLisp manifest code for dd_control[0m
[ 57%] Built target dd_control_generate_messages_eus
[35m[1mScanning dependencies of target dd_control_nodelet[0m
[ 64%] [32mBuilding CXX object CMakeFiles/dd_control_nodelet.dir/src/dd_control_nodelet.cpp.o[0m
[35m[1mScanning dependencies of target dd_control_node[0m
[ 71%] [32mBuilding CXX object CMakeFiles/dd_control_node.dir/src/dd_control_node.cpp.o[0m
[ 78%] [32mBuilding CXX object CMakeFiles/dd_control_nodelet.dir/src/control.cpp.o[0m
[ 85%] [32mBuilding CXX object CMakeFiles/dd_control_node.dir/src/control.cpp.o[0m
[35m[1mScanning dependencies of target dd_control_generate_messages[0m
[ 85%] Built target dd_control_generate_messages
[ 92%] [32m[1mLinking CXX shared library /home/idris/catkin_ws/devel/.private/dd_control/lib/libdd_control_nodelet.so[0m
[100%] [32m[1mLinking CXX executable /home/idris/catkin_ws/devel/.private/dd_control/lib/dd_control/dd_control_node[0m
[100%] Built target dd_control_nodelet
[100%] Built target dd_control_node
