Linked: (/home/idris/catkin_ws/devel/.private/pigain/lib/pkgconfig/pigain.pc, /home/idris/catkin_ws/devel/lib/pkgconfig/pigain.pc)
Linked: (/home/idris/catkin_ws/devel/.private/pigain/lib/python2.7/dist-packages/pigain/__init__.py, /home/idris/catkin_ws/devel/lib/python2.7/dist-packages/pigain/__init__.py)
Linked: (/home/idris/catkin_ws/devel/.private/pigain/lib/python2.7/dist-packages/pigain/srv/_Query.py, /home/idris/catkin_ws/devel/lib/python2.7/dist-packages/pigain/srv/_Query.py)
Linked: (/home/idris/catkin_ws/devel/.private/pigain/lib/python2.7/dist-packages/pigain/srv/__init__.py, /home/idris/catkin_ws/devel/lib/python2.7/dist-packages/pigain/srv/__init__.py)
Linked: (/home/idris/catkin_ws/devel/.private/pigain/lib/python2.7/dist-packages/pigain/srv/_BestNode.py, /home/idris/catkin_ws/devel/lib/python2.7/dist-packages/pigain/srv/_BestNode.py)
Linked: (/home/idris/catkin_ws/devel/.private/pigain/lib/python2.7/dist-packages/pigain/msg/_Node.py, /home/idris/catkin_ws/devel/lib/python2.7/dist-packages/pigain/msg/_Node.py)
Linked: (/home/idris/catkin_ws/devel/.private/pigain/lib/python2.7/dist-packages/pigain/msg/__init__.py, /home/idris/catkin_ws/devel/lib/python2.7/dist-packages/pigain/msg/__init__.py)
Linked: (/home/idris/catkin_ws/devel/.private/pigain/share/common-lisp/ros/pigain/srv/pigain-srv.asd, /home/idris/catkin_ws/devel/share/common-lisp/ros/pigain/srv/pigain-srv.asd)
Linked: (/home/idris/catkin_ws/devel/.private/pigain/share/common-lisp/ros/pigain/srv/_package.lisp, /home/idris/catkin_ws/devel/share/common-lisp/ros/pigain/srv/_package.lisp)
Linked: (/home/idris/catkin_ws/devel/.private/pigain/share/common-lisp/ros/pigain/srv/BestNode.lisp, /home/idris/catkin_ws/devel/share/common-lisp/ros/pigain/srv/BestNode.lisp)
Linked: (/home/idris/catkin_ws/devel/.private/pigain/share/common-lisp/ros/pigain/srv/_package_BestNode.lisp, /home/idris/catkin_ws/devel/share/common-lisp/ros/pigain/srv/_package_BestNode.lisp)
Linked: (/home/idris/catkin_ws/devel/.private/pigain/share/common-lisp/ros/pigain/srv/_package_Query.lisp, /home/idris/catkin_ws/devel/share/common-lisp/ros/pigain/srv/_package_Query.lisp)
Linked: (/home/idris/catkin_ws/devel/.private/pigain/share/common-lisp/ros/pigain/srv/Query.lisp, /home/idris/catkin_ws/devel/share/common-lisp/ros/pigain/srv/Query.lisp)
Linked: (/home/idris/catkin_ws/devel/.private/pigain/share/common-lisp/ros/pigain/msg/_package_Node.lisp, /home/idris/catkin_ws/devel/share/common-lisp/ros/pigain/msg/_package_Node.lisp)
Linked: (/home/idris/catkin_ws/devel/.private/pigain/share/common-lisp/ros/pigain/msg/_package.lisp, /home/idris/catkin_ws/devel/share/common-lisp/ros/pigain/msg/_package.lisp)
Linked: (/home/idris/catkin_ws/devel/.private/pigain/share/common-lisp/ros/pigain/msg/pigain-msg.asd, /home/idris/catkin_ws/devel/share/common-lisp/ros/pigain/msg/pigain-msg.asd)
Linked: (/home/idris/catkin_ws/devel/.private/pigain/share/common-lisp/ros/pigain/msg/Node.lisp, /home/idris/catkin_ws/devel/share/common-lisp/ros/pigain/msg/Node.lisp)
Linked: (/home/idris/catkin_ws/devel/.private/pigain/share/pigain/cmake/pigain-msg-paths.cmake, /home/idris/catkin_ws/devel/share/pigain/cmake/pigain-msg-paths.cmake)
Linked: (/home/idris/catkin_ws/devel/.private/pigain/share/pigain/cmake/pigainConfig.cmake, /home/idris/catkin_ws/devel/share/pigain/cmake/pigainConfig.cmake)
Linked: (/home/idris/catkin_ws/devel/.private/pigain/share/pigain/cmake/pigainConfig-version.cmake, /home/idris/catkin_ws/devel/share/pigain/cmake/pigainConfig-version.cmake)
Linked: (/home/idris/catkin_ws/devel/.private/pigain/share/pigain/cmake/pigain-msg-extras.cmake, /home/idris/catkin_ws/devel/share/pigain/cmake/pigain-msg-extras.cmake)
Linked: (/home/idris/catkin_ws/devel/.private/pigain/share/roseus/ros/pigain/manifest.l, /home/idris/catkin_ws/devel/share/roseus/ros/pigain/manifest.l)
Linked: (/home/idris/catkin_ws/devel/.private/pigain/share/roseus/ros/pigain/srv/Query.l, /home/idris/catkin_ws/devel/share/roseus/ros/pigain/srv/Query.l)
Linked: (/home/idris/catkin_ws/devel/.private/pigain/share/roseus/ros/pigain/srv/BestNode.l, /home/idris/catkin_ws/devel/share/roseus/ros/pigain/srv/BestNode.l)
Linked: (/home/idris/catkin_ws/devel/.private/pigain/share/roseus/ros/pigain/msg/Node.l, /home/idris/catkin_ws/devel/share/roseus/ros/pigain/msg/Node.l)
Linked: (/home/idris/catkin_ws/devel/.private/pigain/share/gennodejs/ros/pigain/_index.js, /home/idris/catkin_ws/devel/share/gennodejs/ros/pigain/_index.js)
Linked: (/home/idris/catkin_ws/devel/.private/pigain/share/gennodejs/ros/pigain/srv/Query.js, /home/idris/catkin_ws/devel/share/gennodejs/ros/pigain/srv/Query.js)
Linked: (/home/idris/catkin_ws/devel/.private/pigain/share/gennodejs/ros/pigain/srv/_index.js, /home/idris/catkin_ws/devel/share/gennodejs/ros/pigain/srv/_index.js)
Linked: (/home/idris/catkin_ws/devel/.private/pigain/share/gennodejs/ros/pigain/srv/BestNode.js, /home/idris/catkin_ws/devel/share/gennodejs/ros/pigain/srv/BestNode.js)
Linked: (/home/idris/catkin_ws/devel/.private/pigain/share/gennodejs/ros/pigain/msg/_index.js, /home/idris/catkin_ws/devel/share/gennodejs/ros/pigain/msg/_index.js)
Linked: (/home/idris/catkin_ws/devel/.private/pigain/share/gennodejs/ros/pigain/msg/Node.js, /home/idris/catkin_ws/devel/share/gennodejs/ros/pigain/msg/Node.js)
Linked: (/home/idris/catkin_ws/devel/.private/pigain/include/pigain/QueryRequest.h, /home/idris/catkin_ws/devel/include/pigain/QueryRequest.h)
Linked: (/home/idris/catkin_ws/devel/.private/pigain/include/pigain/BestNode.h, /home/idris/catkin_ws/devel/include/pigain/BestNode.h)
Linked: (/home/idris/catkin_ws/devel/.private/pigain/include/pigain/Node.h, /home/idris/catkin_ws/devel/include/pigain/Node.h)
Linked: (/home/idris/catkin_ws/devel/.private/pigain/include/pigain/Query.h, /home/idris/catkin_ws/devel/include/pigain/Query.h)
Linked: (/home/idris/catkin_ws/devel/.private/pigain/include/pigain/BestNodeRequest.h, /home/idris/catkin_ws/devel/include/pigain/BestNodeRequest.h)
Linked: (/home/idris/catkin_ws/devel/.private/pigain/include/pigain/QueryResponse.h, /home/idris/catkin_ws/devel/include/pigain/QueryResponse.h)
Linked: (/home/idris/catkin_ws/devel/.private/pigain/include/pigain/BestNodeResponse.h, /home/idris/catkin_ws/devel/include/pigain/BestNodeResponse.h)
