Determining if the pthread_create exist failed with the following output:
Change Dir: /home/idris/catkin_ws/build/catkin_simple/CMakeFiles/CMakeTmp

Run Build Command:"/usr/bin/make" "cmTC_b052c/fast"
/usr/bin/make -f CMakeFiles/cmTC_b052c.dir/build.make CMakeFiles/cmTC_b052c.dir/build
make[1]: Entering directory '/home/idris/catkin_ws/build/catkin_simple/CMakeFiles/CMakeTmp'
Building C object CMakeFiles/cmTC_b052c.dir/CheckSymbolExists.c.o
/usr/bin/cc    -o CMakeFiles/cmTC_b052c.dir/CheckSymbolExists.c.o   -c /home/idris/catkin_ws/build/catkin_simple/CMakeFiles/CMakeTmp/CheckSymbolExists.c
Linking C executable cmTC_b052c
/usr/bin/cmake -E cmake_link_script CMakeFiles/cmTC_b052c.dir/link.txt --verbose=1
/usr/bin/cc      -rdynamic CMakeFiles/cmTC_b052c.dir/CheckSymbolExists.c.o  -o cmTC_b052c 
CMakeFiles/cmTC_b052c.dir/CheckSymbolExists.c.o: In function `main':
CheckSymbolExists.c:(.text+0x1b): undefined reference to `pthread_create'
collect2: error: ld returned 1 exit status
CMakeFiles/cmTC_b052c.dir/build.make:97: recipe for target 'cmTC_b052c' failed
make[1]: *** [cmTC_b052c] Error 1
make[1]: Leaving directory '/home/idris/catkin_ws/build/catkin_simple/CMakeFiles/CMakeTmp'
Makefile:126: recipe for target 'cmTC_b052c/fast' failed
make: *** [cmTC_b052c/fast] Error 2

File /home/idris/catkin_ws/build/catkin_simple/CMakeFiles/CMakeTmp/CheckSymbolExists.c:
/* */
#include <pthread.h>

int main(int argc, char** argv)
{
  (void)argv;
#ifndef pthread_create
  return ((int*)(&pthread_create))[argc];
#else
  (void)argc;
  return 0;
#endif
}

Determining if the function pthread_create exists in the pthreads failed with the following output:
Change Dir: /home/idris/catkin_ws/build/catkin_simple/CMakeFiles/CMakeTmp

Run Build Command:"/usr/bin/make" "cmTC_8438e/fast"
/usr/bin/make -f CMakeFiles/cmTC_8438e.dir/build.make CMakeFiles/cmTC_8438e.dir/build
make[1]: Entering directory '/home/idris/catkin_ws/build/catkin_simple/CMakeFiles/CMakeTmp'
Building C object CMakeFiles/cmTC_8438e.dir/CheckFunctionExists.c.o
/usr/bin/cc   -DCHECK_FUNCTION_EXISTS=pthread_create   -o CMakeFiles/cmTC_8438e.dir/CheckFunctionExists.c.o   -c /usr/share/cmake-3.10/Modules/CheckFunctionExists.c
Linking C executable cmTC_8438e
/usr/bin/cmake -E cmake_link_script CMakeFiles/cmTC_8438e.dir/link.txt --verbose=1
/usr/bin/cc  -DCHECK_FUNCTION_EXISTS=pthread_create    -rdynamic CMakeFiles/cmTC_8438e.dir/CheckFunctionExists.c.o  -o cmTC_8438e -lpthreads 
/usr/bin/ld: cannot find -lpthreads
collect2: error: ld returned 1 exit status
CMakeFiles/cmTC_8438e.dir/build.make:97: recipe for target 'cmTC_8438e' failed
make[1]: *** [cmTC_8438e] Error 1
make[1]: Leaving directory '/home/idris/catkin_ws/build/catkin_simple/CMakeFiles/CMakeTmp'
Makefile:126: recipe for target 'cmTC_8438e/fast' failed
make: *** [cmTC_8438e/fast] Error 2


